This is pdfTeX, Version 3.14159265-2.6-1.40.19 (TeX Live 2018) (preloaded format=pdflatex 2019.2.19)  26 MAR 2020 12:44
entering extended mode
 restricted \write18 enabled.
 %&-line parsing enabled.
**master.tex
(./master.tex
LaTeX2e <2018-04-01> patch level 2
Babel <3.18> and hyphenation patterns for 84 language(s) loaded.
(/usr/local/texlive/2018/texmf-dist/tex/latex/abntex2/abntex2.cls
Document Class: abntex2 2016/02/26 v-1.9.6 abnTeX2
(/usr/local/texlive/2018/texmf-dist/tex/latex/base/ifthen.sty
Package: ifthen 2014/09/29 v1.1c Standard LaTeX ifthen package (DPC)
)
(/usr/local/texlive/2018/texmf-dist/tex/latex/memoir/memoir.cls
Document Class: memoir 2018/04/04 v3.7g configurable book, report, article docu
ment class
\onelineskip=\skip41
\lxvchars=\skip42
\xlvchars=\skip43
\@memcnta=\count80
\c@@memmarkcntra=\count81
(/usr/local/texlive/2018/texmf-dist/tex/generic/oberdiek/ifpdf.sty
Package: ifpdf 2017/03/15 v3.2 Provides the ifpdf switch
)
(/usr/local/texlive/2018/texmf-dist/tex/latex/ifetex/ifetex.sty
Package: ifetex 2018/03/31 v1.2a ifetex

(/usr/local/texlive/2018/texmf-dist/tex/plain/ifetex/ifetex.tex))
(/usr/local/texlive/2018/texmf-dist/tex/generic/ifxetex/ifxetex.sty
Package: ifxetex 2010/09/12 v0.6 Provides ifxetex conditional
)
(/usr/local/texlive/2018/texmf-dist/tex/generic/oberdiek/ifluatex.sty
Package: ifluatex 2016/05/16 v1.4 Provides the ifluatex switch (HO)
Package ifluatex Info: LuaTeX not detected.
)
\stockheight=\skip44
\stockwidth=\skip45
\trimtop=\skip46
\trimedge=\skip47

(/usr/local/texlive/2018/texmf-dist/tex/latex/memoir/mem12.clo
File: mem12.clo 2010/10/19 v0.4b memoir class 12pt size option
)
\binding=\skip48
\spinemargin=\skip49
\foremargin=\skip50
\uppermargin=\skip51
\lowermargin=\skip52
\headdrop=\skip53
\normalrulethickness=\skip54
\mem@maxheadheight=\skip55
\mem@maxfootheight=\skip56
\headwidth=\skip57
\c@storedpagenumber=\count82
\memPD=\dimen102
\m@mabparskip=\skip58
\thanksmarkwidth=\skip59
\thanksmarksep=\skip60
\droptitle=\skip61
\c@book=\count83
\c@part=\count84
\c@chapter=\count85
\c@section=\count86
\c@subsection=\count87
\c@subsubsection=\count88
\c@paragraph=\count89
\c@subparagraph=\count90
\beforechapskip=\skip62
\midchapskip=\skip63
\afterchapskip=\skip64
\chapindent=\skip65
\bottomsectionskip=\skip66
\secindent=\skip67
\beforesecskip=\skip68
\aftersecskip=\skip69
\subsecindent=\skip70
\beforesubsecskip=\skip71
\aftersubsecskip=\skip72
\subsubsecindent=\skip73
\beforesubsubsecskip=\skip74
\aftersubsubsecskip=\skip75
\paraindent=\skip76
\beforeparaskip=\skip77
\afterparaskip=\skip78
\subparaindent=\skip79
\beforesubparaskip=\skip80
\aftersubparaskip=\skip81
\pfbreakskip=\skip82
\c@@ppsavesec=\count91
\c@@ppsaveapp=\count92
\ragrparindent=\dimen103
\everylistparindent=\dimen104
\parsepi=\skip83
\topsepi=\skip84
\itemsepi=\skip85
\parsepii=\skip86
\topsepii=\skip87
\topsepiii=\skip88
\itemsepii=\skip89
\itemsepiii=\skip90
\partopsepii=\skip91
\partopsepiii=\skip92
\m@msavetopsep=\skip93
\m@msavepartopsep=\skip94
\@enLab=\toks14
\abstitleskip=\skip95
\absleftindent=\skip96
\abs@leftindent=\dimen105
\absrightindent=\skip97
\absparindent=\skip98
\absparsep=\skip99
\c@vslineno=\count93
\c@poemline=\count94
\c@modulo@vs=\count95
\c@memfvsline=\count96
\vleftskip=\skip100
\vrightskip=\skip101
\stanzaskip=\skip102
\versewidth=\skip103
\vgap=\skip104
\vindent=\skip105
\vleftmargin=\dimen106
\c@verse=\count97
\c@chrsinstr=\count98
\beforepoemtitleskip=\skip106
\afterpoemtitleskip=\skip107
\c@poem=\count99
\beforePoemTitleskip=\skip108
\midPoemTitleskip=\skip109
\afterPoemTitleskip=\skip110
\col@sep=\dimen107
\extrarowheight=\dimen108
\NC@list=\toks15
\extratabsurround=\skip111
\backup@length=\skip112
\TX@col@width=\dimen109
\TX@old@table=\dimen110
\TX@old@col=\dimen111
\TX@target=\dimen112
\TX@delta=\dimen113
\TX@cols=\count100
\TX@ftn=\toks16
\heavyrulewidth=\dimen114
\lightrulewidth=\dimen115
\cmidrulewidth=\dimen116
\belowrulesep=\dimen117
\belowbottomsep=\dimen118
\aboverulesep=\dimen119
\abovetopsep=\dimen120
\cmidrulesep=\dimen121
\cmidrulekern=\dimen122
\defaultaddspace=\dimen123
\@cmidla=\count101
\@cmidlb=\count102
\@aboverulesep=\dimen124
\@belowrulesep=\dimen125
\@thisruleclass=\count103
\@lastruleclass=\count104
\@thisrulewidth=\dimen126
\ctableftskip=\skip113
\ctabrightskip=\skip114
\abovecolumnspenalty=\count105
\@linestogo=\count106
\@cellstogo=\count107
\@cellsincolumn=\count108
\crtok=\toks17
\@mincolumnwidth=\dimen127
\c@newflo@tctr=\count109
\mem@margin@floatbox=\box26
\@contcwidth=\skip115
\@contindw=\skip116
\abovecaptionskip=\skip117
\belowcaptionskip=\skip118
\subfloattopskip=\skip119
\subfloatcapskip=\skip120
\subfloatcaptopadj=\skip121
\subfloatbottomskip=\skip122
\subfloatlabelskip=\skip123
\subfloatcapmargin=\dimen128
\c@@contsubnum=\count110
\m@mscap@capbox=\box27
\m@mscap@fbox=\box28
\sidecapsep=\dimen129
\sidecapwidth=\dimen130
\m@m@tempdima=\dimen131
\m@mscapraise=\dimen132
\sidecapraise=\dimen133
\m@mscapmainwidth=\dimen134
\m@mscaplkern=\dimen135
\beforeepigraphskip=\skip124
\afterepigraphskip=\skip125
\epigraphwidth=\skip126
\epigraphrule=\skip127
LaTeX Info: Redefining \em on input line 7578.
LaTeX Info: Redefining \emph on input line 7586.
\tocentryskip=\skip128
\tocbaseline=\skip129
\cftparskip=\skip130
\cftbeforebookskip=\skip131
\cftbookindent=\dimen136
\cftbooknumwidth=\dimen137
\cftbeforepartskip=\skip132
\cftpartindent=\skip133
\cftpartnumwidth=\skip134
\cftbeforechapterskip=\skip135
\cftchapterindent=\skip136
\cftchapternumwidth=\skip137
\cftbeforesectionskip=\skip138
\cftsectionindent=\skip139
\cftsectionnumwidth=\skip140
\cftbeforesubsectionskip=\skip141
\cftsubsectionindent=\skip142
\cftsubsectionnumwidth=\skip143
\cftbeforesubsubsectionskip=\skip144
\cftsubsubsectionindent=\skip145
\cftsubsubsectionnumwidth=\skip146
\cftbeforeparagraphskip=\skip147
\cftparagraphindent=\skip148
\cftparagraphnumwidth=\skip149
\cftbeforesubparagraphskip=\skip150
\cftsubparagraphindent=\skip151
\cftsubparagraphnumwidth=\skip152
\prechapterprecisshift=\dimen138
\c@maxsecnumdepth=\count111
\bibindent=\dimen139
\bibitemsep=\skip153
\indexcolsep=\skip154
\indexrule=\skip155
\indexmarkstyle=\toks18
\@indexbox=\insert199
\glossarycolsep=\dimen140
\glossaryrule=\dimen141
\sideparvshift=\skip156
\sideins=\insert198
\sidebartopsep=\skip157
\sidebarhsep=\skip158
\sidebarvsep=\skip159
\sidebarwidth=\skip160
\footmarkwidth=\skip161
\footmarksep=\skip162
\footparindent=\skip163
\footinsdim=\skip164
\footinsv@r=\insert197
\@mpfootinsv@r=\insert196
\m@m@k=\count112
\m@m@h=\dimen142
\m@mipn@skip=\skip165
\sidefootins=\insert195
\sidefootadjust=\skip166
\sidefootheight=\skip167
\sidefoothsep=\skip168
\sidefootvsep=\skip169
\sidefootwidth=\skip170
\m@mdownsf=\skip171
\c@sidefootnote=\count113
\sidefootmarkwidth=\skip172
\sidefootmarksep=\skip173
\sidefootparindent=\skip174
\c@pagenote=\count114
\c@pagenoteshadow=\count115
\mem@pn@lastkern=\skip175
\every@verbatim=\toks19
\afterevery@verbatim=\toks20
\verbatim@line=\toks21
\tab@position=\count116
\verbatim@in@stream=\read1
\verbatimindent=\skip176
\verbatim@out=\write3
\bvboxsep=\skip177
\c@memfbvline=\count117
\c@bvlinectr=\count118
\bvnumlength=\skip178
\fb@frw=\dimen143
\fb@frh=\dimen144
\FrameRule=\dimen145
\FrameSep=\dimen146
\c@cp@cntr=\count119
LaTeX Info: Redefining \: on input line 12100.
LaTeX Info: Redefining \! on input line 12102.
\c@ism@mctr=\count120
\c@xsm@mctr=\count121
\c@csm@mctr=\count122
\c@ksm@mctr=\count123
\c@xksm@mctr=\count124
\c@cksm@mctr=\count125
\c@msm@mctr=\count126
\c@xmsm@mctr=\count127
\c@cmsm@mctr=\count128
\c@bsm@mctr=\count129
\c@workm@mctr=\count130
\c@sheetsequence=\count131
\c@lastsheet=\count132
\c@lastpage=\count133
\c@figure=\count134
\c@lofdepth=\count135
\cftbeforefigureskip=\skip179
\cftfigureindent=\skip180
\cftfigurenumwidth=\skip181
\c@table=\count136
\c@lotdepth=\count137
\cftbeforetableskip=\skip182
\cfttableindent=\skip183
\cfttablenumwidth=\skip184
Package abstract [2008/07/23] emulated by memoir.
Package appendix [2008/07/23] emulated by memoir.
Package array [2016/10/06] emulated by memoir.
Package booktabs [2016/05/16] emulated by memoir.
Package ccaption [2008/07/23] emulated by memoir.
Package changepage [2008/07/23] emulated by memoir.
Package chngcntr [2008/07/23] emulated by memoir.
Package chngpage [2008/07/23] emulated by memoir.
Package crop emulated by memoir.
Package dcolumn [2008/07/23] emulated by memoir.
Package delarray [2014/10/28] emulated by memoir.
Package enumerate [2008/07/23] emulated by memoir.
Package epigraph [2008/07/23] emulated by memoir.
Package ifmtarg [2008/07/23] emulated by memoir.
Package index [2008/07/23] emulated by memoir.
Package makeidx [2008/07/23] emulated by memoir.
Package moreverb [2008/07/23] emulated by memoir.
Package mparhack [2008/07/23] emulated by memoir.
Package needspace [2008/07/23] emulated by memoir.
Package newfile [2008/07/23] emulated by memoir.
Package nextpage [2008/07/23] emulated by memoir.
Package pagenote [2008/07/23] emulated by memoir.
Package parskip [2008/07/23] emulated by memoir.
Package patchcmd [2008/07/23] emulated by memoir.
Package setspace [2008/07/23] emulated by memoir.
Package shortvrb [2008/07/23] emulated by memoir.
Package showidx [2008/07/23] emulated by memoir.
Package tabularx [2016/02/03] emulated by memoir.
Package titleref [2008/07/23] emulated by memoir.
Package titling [2008/07/23] emulated by memoir.
Package tocbibind [2008/07/23] emulated by memoir.
Package tocloft [2008/07/23] emulated by memoir.
Package tocvsec2 [2008/07/23] emulated by memoir.
Package verbatim [2008/07/23] emulated by memoir.
Package verse [2008/07/23] emulated by memoir.
)
(/usr/local/texlive/2018/texmf-dist/tex/latex/textcase/textcase.sty
Package: textcase 2004/10/07 v0.07 Text only upper/lower case changing (DPC)
LaTeX Info: Redefining \MakeTextUppercase on input line 47.
LaTeX Info: Redefining \MakeTextLowercase on input line 50.
)
(/usr/local/texlive/2018/texmf-dist/tex/latex/hyperref/hyperref.sty
Package: hyperref 2018/02/06 v6.86b Hypertext links for LaTeX

(/usr/local/texlive/2018/texmf-dist/tex/generic/oberdiek/hobsub-hyperref.sty
Package: hobsub-hyperref 2016/05/16 v1.14 Bundle oberdiek, subset hyperref (HO)


(/usr/local/texlive/2018/texmf-dist/tex/generic/oberdiek/hobsub-generic.sty
Package: hobsub-generic 2016/05/16 v1.14 Bundle oberdiek, subset generic (HO)
Package: hobsub 2016/05/16 v1.14 Construct package bundles (HO)
Package: infwarerr 2016/05/16 v1.4 Providing info/warning/error messages (HO)
Package: ltxcmds 2016/05/16 v1.23 LaTeX kernel commands for general use (HO)
Package hobsub Info: Skipping package `ifluatex' (already loaded).
Package: ifvtex 2016/05/16 v1.6 Detect VTeX and its facilities (HO)
Package ifvtex Info: VTeX not detected.
Package: intcalc 2016/05/16 v1.2 Expandable calculations with integers (HO)
Package hobsub Info: Skipping package `ifpdf' (already loaded).
Package: etexcmds 2016/05/16 v1.6 Avoid name clashes with e-TeX commands (HO)
Package etexcmds Info: Could not find \expanded.
(etexcmds)             That can mean that you are not using pdfTeX 1.50 or
(etexcmds)             that some package has redefined \expanded.
(etexcmds)             In the latter case, load this package earlier.
Package: kvsetkeys 2016/05/16 v1.17 Key value parser (HO)
Package: kvdefinekeys 2016/05/16 v1.4 Define keys (HO)
Package: pdftexcmds 2018/01/30 v0.27 Utility functions of pdfTeX for LuaTeX (HO
)
Package pdftexcmds Info: LuaTeX not detected.
Package pdftexcmds Info: \pdf@primitive is available.
Package pdftexcmds Info: \pdf@ifprimitive is available.
Package pdftexcmds Info: \pdfdraftmode found.
Package: pdfescape 2016/05/16 v1.14 Implements pdfTeX's escape features (HO)
Package: bigintcalc 2016/05/16 v1.4 Expandable calculations on big integers (HO
)
Package: bitset 2016/05/16 v1.2 Handle bit-vector datatype (HO)
Package: uniquecounter 2016/05/16 v1.3 Provide unlimited unique counter (HO)
)
Package hobsub Info: Skipping package `hobsub' (already loaded).
Package: letltxmacro 2016/05/16 v1.5 Let assignment for LaTeX macros (HO)
Package: hopatch 2016/05/16 v1.3 Wrapper for package hooks (HO)
Package: xcolor-patch 2016/05/16 xcolor patch
Package: atveryend 2016/05/16 v1.9 Hooks at the very end of document (HO)
Package atveryend Info: \enddocument detected (standard20110627).
Package: atbegshi 2016/06/09 v1.18 At begin shipout hook (HO)
Package: refcount 2016/05/16 v3.5 Data extraction from label references (HO)
Package: hycolor 2016/05/16 v1.8 Color options for hyperref/bookmark (HO)
)
(/usr/local/texlive/2018/texmf-dist/tex/latex/graphics/keyval.sty
Package: keyval 2014/10/28 v1.15 key=value parser (DPC)
\KV@toks@=\toks22
)
(/usr/local/texlive/2018/texmf-dist/tex/latex/oberdiek/auxhook.sty
Package: auxhook 2016/05/16 v1.4 Hooks for auxiliary files (HO)
)
(/usr/local/texlive/2018/texmf-dist/tex/latex/oberdiek/kvoptions.sty
Package: kvoptions 2016/05/16 v3.12 Key value format for package options (HO)
)
\@linkdim=\dimen147
\Hy@linkcounter=\count138
\Hy@pagecounter=\count139

(/usr/local/texlive/2018/texmf-dist/tex/latex/hyperref/pd1enc.def
File: pd1enc.def 2018/02/06 v6.86b Hyperref: PDFDocEncoding definition (HO)
Now handling font encoding PD1 ...
... no UTF-8 mapping file for font encoding PD1
)
\Hy@SavedSpaceFactor=\count140

(/usr/local/texlive/2018/texmf-dist/tex/latex/latexconfig/hyperref.cfg
File: hyperref.cfg 2002/06/06 v1.2 hyperref configuration of TeXLive
)
Package hyperref Info: Hyper figures OFF on input line 4509.
Package hyperref Info: Link nesting OFF on input line 4514.
Package hyperref Info: Hyper index ON on input line 4517.
Package hyperref Info: Plain pages OFF on input line 4524.
Package hyperref Info: Backreferencing OFF on input line 4529.
Package hyperref Info: Implicit mode ON; LaTeX internals redefined.
Package hyperref Info: Bookmarks ON on input line 4762.
\c@Hy@tempcnt=\count141

(/usr/local/texlive/2018/texmf-dist/tex/latex/url/url.sty
\Urlmuskip=\muskip10
Package: url 2013/09/16  ver 3.4  Verb mode for urls, etc.
)
LaTeX Info: Redefining \url on input line 5115.
\XeTeXLinkMargin=\dimen148
\Fld@menulength=\count142
\Field@Width=\dimen149
\Fld@charsize=\dimen150
Package hyperref Info: Hyper figures OFF on input line 6369.
Package hyperref Info: Link nesting OFF on input line 6374.
Package hyperref Info: Hyper index ON on input line 6377.
Package hyperref Info: backreferencing OFF on input line 6384.
Package hyperref Info: Link coloring OFF on input line 6389.
Package hyperref Info: Link coloring with OCG OFF on input line 6394.
Package hyperref Info: PDF/A mode OFF on input line 6399.
LaTeX Info: Redefining \ref on input line 6439.
LaTeX Info: Redefining \pageref on input line 6443.
\Hy@abspage=\count143
\c@Item=\count144
\c@Hfootnote=\count145
)
(/usr/local/texlive/2018/texmf-dist/tex/latex/memoir/memhfixc.sty
Package: memhfixc 2013/05/30 v1.17 nameref/hyperref package fixes for memoir cl
ass
\c@memhycontfloat=\count146
\c@Hpagenote=\count147
)
Package hyperref Info: Driver (autodetected): hpdftex.

(/usr/local/texlive/2018/texmf-dist/tex/latex/hyperref/hpdftex.def
File: hpdftex.def 2018/02/06 v6.86b Hyperref driver for pdfTeX
\Fld@listcount=\count148
\c@bookmark@seq@number=\count149

(/usr/local/texlive/2018/texmf-dist/tex/latex/oberdiek/rerunfilecheck.sty
Package: rerunfilecheck 2016/05/16 v1.8 Rerun checks for auxiliary files (HO)
Package uniquecounter Info: New unique counter `rerunfilecheck' on input line 2
82.
)
\Hy@SectionHShift=\skip185
)
(/usr/local/texlive/2018/texmf-dist/tex/latex/oberdiek/bookmark.sty
Package: bookmark 2016/05/17 v1.26 PDF bookmarks (HO)

(/usr/local/texlive/2018/texmf-dist/tex/latex/oberdiek/bkm-pdftex.def
File: bkm-pdftex.def 2016/05/17 v1.26 bookmark driver for pdfTeX (HO)
\BKM@id=\count150
))
(/usr/local/texlive/2018/texmf-dist/tex/generic/babel/babel.sty
Package: babel 2018/02/14 3.18 The Babel package

(/usr/local/texlive/2018/texmf-dist/tex/generic/babel/switch.def
File: switch.def 2018/02/14 3.18 Babel switching mechanism
)
(/usr/local/texlive/2018/texmf-dist/tex/generic/babel-portuges/portuges.ldf
Language: portuges 2008/03/18 v1.2q Portuguese support from the babel system

(/usr/local/texlive/2018/texmf-dist/tex/generic/babel/babel.def
File: babel.def 2018/02/14 3.18 Babel common definitions
\babel@savecnt=\count151
\U@D=\dimen151

(/usr/local/texlive/2018/texmf-dist/tex/generic/babel/txtbabel.def)
\bbl@dirlevel=\count152
)
\l@brazil = a dialect from \language\l@portuges 
Package babel Info: Making " an active character on input line 145.
))
(/usr/local/texlive/2018/texmf-dist/tex/latex/enumitem/enumitem.sty
Package: enumitem 2011/09/28 v3.5.2 Customized lists
\labelindent=\skip186
\enit@outerparindent=\dimen152
\enit@toks=\toks23
\enit@inbox=\box29
\enitdp@description=\count153
)
(/usr/local/texlive/2018/texmf-dist/tex/latex/tools/calc.sty
Package: calc 2017/05/25 v4.3 Infix arithmetic (KKT,FJ)
\calc@Acount=\count154
\calc@Bcount=\count155
\calc@Adimen=\dimen153
\calc@Bdimen=\dimen154
\calc@Askip=\skip187
\calc@Bskip=\skip188
LaTeX Info: Redefining \setlength on input line 80.
LaTeX Info: Redefining \addtolength on input line 81.
\calc@Ccount=\count156
\calc@Cskip=\skip189
)

******************************************************
Stock height and width: 845.04684pt by 597.50787pt
Top and edge trims: 0pt and 0pt
Page height and width: 845.04684pt by 597.50787pt
Text height and width: 708pt by 455pt
Spine and edge margins: 85.35826pt and 56.9055pt
Upper and lower margins: 85.35826pt and 51.68858pt
Headheight and headsep: 14.5pt and 19.8738pt
Footskip: 30pt
Columnsep and columnseprule: 10pt and 0pt
Marginparsep and marginparwidth: 7pt and 42.9055pt
Sidecapsep and sidecapwidth: 7pt and 42pt
Sidebarhsep and sidebarwidth: 7pt and 42pt
Sidebarvsep and sidebartopsep: 14.5pt and 0pt
Sidebarheight: 590.14995pt
Sidefoothsep and sidefootwidth: 7pt and 42pt
Sidefootvsep and sidefootheight: 14.5pt and 590.14995pt
******************************************************

\c@abntex@bookmarkcounter=\count157
\cftlastnumwidth=\skip190
\chapternamenumlength=\skip191
\ABNTEXcitacaorecuo=\skip192
\c@alineasi=\count158
\c@alineasii=\count159
\enitdp@alineas=\count160
\c@subalineasi=\count161
\enitdp@subalineas=\count162
\c@incisosi=\count163
\enitdp@incisos=\count164
\ABNTEXsignwidth=\skip193
\ABNTEXsignthickness=\skip194
\ABNTEXsignskip=\skip256
) (/usr/local/texlive/2018/texmf-dist/tex/latex/base/inputenc.sty
Package: inputenc 2018/04/06 v1.3b Input encoding file
\inpenc@prehook=\toks24
\inpenc@posthook=\toks25
)
(/usr/local/texlive/2018/texmf-dist/tex/latex/amsmath/amsmath.sty
Package: amsmath 2017/09/02 v2.17a AMS math features
\@mathmargin=\skip257

For additional information on amsmath, use the `?' option.
(/usr/local/texlive/2018/texmf-dist/tex/latex/amsmath/amstext.sty
Package: amstext 2000/06/29 v2.01 AMS text

(/usr/local/texlive/2018/texmf-dist/tex/latex/amsmath/amsgen.sty
File: amsgen.sty 1999/11/30 v2.0 generic functions
\@emptytoks=\toks26
\ex@=\dimen155
))
(/usr/local/texlive/2018/texmf-dist/tex/latex/amsmath/amsbsy.sty
Package: amsbsy 1999/11/29 v1.2d Bold Symbols
\pmbraise@=\dimen156
)
(/usr/local/texlive/2018/texmf-dist/tex/latex/amsmath/amsopn.sty
Package: amsopn 2016/03/08 v2.02 operator names
)
\inf@bad=\count165
LaTeX Info: Redefining \frac on input line 213.
\uproot@=\count166
\leftroot@=\count167
LaTeX Info: Redefining \overline on input line 375.
\classnum@=\count168
\DOTSCASE@=\count169
LaTeX Info: Redefining \ldots on input line 472.
LaTeX Info: Redefining \dots on input line 475.
LaTeX Info: Redefining \cdots on input line 596.
\Mathstrutbox@=\box30
\strutbox@=\box31
\big@size=\dimen157
LaTeX Font Info:    Redeclaring font encoding OML on input line 712.
LaTeX Font Info:    Redeclaring font encoding OMS on input line 713.
\macc@depth=\count170
\c@MaxMatrixCols=\count171
\dotsspace@=\muskip11
\c@parentequation=\count172
\dspbrk@lvl=\count173
\tag@help=\toks27
\row@=\count174
\column@=\count175
\maxfields@=\count176
\andhelp@=\toks28
\eqnshift@=\dimen158
\alignsep@=\dimen159
\tagshift@=\dimen160
\tagwidth@=\dimen161
\totwidth@=\dimen162
\lineht@=\dimen163
\@envbody=\toks29
\multlinegap=\skip258
\multlinetaggap=\skip259
\mathdisplay@stack=\toks30
LaTeX Info: Redefining \[ on input line 2817.
LaTeX Info: Redefining \] on input line 2818.
)
(/usr/local/texlive/2018/texmf-dist/tex/latex/esint/esint.sty
Package: esint 
\symlargesymbolsA=\mathgroup4
)
(/usr/local/texlive/2018/texmf-dist/tex/latex/amsfonts/amsfonts.sty
Package: amsfonts 2013/01/14 v3.01 Basic AMSFonts support
\symAMSa=\mathgroup5
\symAMSb=\mathgroup6
LaTeX Font Info:    Overwriting math alphabet `\mathfrak' in version `bold'
(Font)                  U/euf/m/n --> U/euf/b/n on input line 106.
)
(/usr/local/texlive/2018/texmf-dist/tex/latex/amsfonts/amssymb.sty
Package: amssymb 2013/01/14 v3.01 AMS font symbols
)
(/usr/local/texlive/2018/texmf-dist/tex/latex/graphics/graphicx.sty
Package: graphicx 2017/06/01 v1.1a Enhanced LaTeX Graphics (DPC,SPQR)

(/usr/local/texlive/2018/texmf-dist/tex/latex/graphics/graphics.sty
Package: graphics 2017/06/25 v1.2c Standard LaTeX Graphics (DPC,SPQR)

(/usr/local/texlive/2018/texmf-dist/tex/latex/graphics/trig.sty
Package: trig 2016/01/03 v1.10 sin cos tan (DPC)
)
(/usr/local/texlive/2018/texmf-dist/tex/latex/graphics-cfg/graphics.cfg
File: graphics.cfg 2016/06/04 v1.11 sample graphics configuration
)
Package graphics Info: Driver file: pdftex.def on input line 99.

(/usr/local/texlive/2018/texmf-dist/tex/latex/graphics-def/pdftex.def
File: pdftex.def 2018/01/08 v1.0l Graphics/color driver for pdftex
))
\Gin@req@height=\dimen164
\Gin@req@width=\dimen165
)
(/usr/local/texlive/2018/texmf-dist/tex/latex/subfig/subfig.sty
Package: subfig 2005/06/28 ver: 1.3 subfig package


Class memoir Warning: You are using the caption package with the memoir class. 
To prepare we will now reset all captioning macros and configurations to kernel
 defaults, and then let the caption package take over. Please remember to use
 the caption package interfaces in order to
 configure your captions.

(/usr/local/texlive/2018/texmf-dist/tex/latex/caption/caption.sty
Package: caption 2016/02/21 v3.3-144 Customizing captions (AR)

(/usr/local/texlive/2018/texmf-dist/tex/latex/caption/caption3.sty
Package: caption3 2016/05/22 v1.7-166 caption3 kernel (AR)
Package caption3 Info: TeX engine: e-TeX on input line 67.
\captionmargin=\dimen166
\captionmargin@=\dimen167
\captionwidth=\dimen168
\caption@tempdima=\dimen169
\caption@indent=\dimen170
\caption@parindent=\dimen171
\caption@hangindent=\dimen172
)
\c@ContinuedFloat=\count177
Package caption Info: hyperref package is loaded.
)
\c@KVtest=\count178
\sf@farskip=\skip260
\sf@captopadj=\dimen173
\sf@capskip=\skip261
\sf@nearskip=\skip262
\c@subfigure=\count179
\c@subfigure@save=\count180
\c@subtable=\count181
\c@subtable@save=\count182
\sf@top=\skip263
\sf@bottom=\skip264
)
(/usr/local/texlive/2018/texmf-dist/tex/latex/mathtools/empheq.sty
Package: empheq 2017/03/31 v2.15 Emphasizing equations

(/usr/local/texlive/2018/texmf-dist/tex/latex/mathtools/mhsetup.sty
Package: mhsetup 2017/03/31 v1.3 programming setup (MH)
)
(/usr/local/texlive/2018/texmf-dist/tex/latex/mathtools/mathtools.sty
Package: mathtools 2018/01/08 v1.21 mathematical typesetting tools
LaTeX Info: Thecontrolsequence`\('isalreadyrobust on input line 129.
LaTeX Info: Thecontrolsequence`\)'isalreadyrobust on input line 129.
LaTeX Info: Thecontrolsequence`\['isalreadyrobust on input line 129.
LaTeX Info: Thecontrolsequence`\]'isalreadyrobust on input line 129.
\g_MT_multlinerow_int=\count183
\l_MT_multwidth_dim=\dimen174
\origjot=\skip265
\l_MT_shortvdotswithinadjustabove_dim=\dimen175
\l_MT_shortvdotswithinadjustbelow_dim=\dimen176
\l_MT_above_intertext_sep=\dimen177
\l_MT_below_intertext_sep=\dimen178
\l_MT_above_shortintertext_sep=\dimen179
\l_MT_below_shortintertext_sep=\dimen180
)
\l_EQ_equationtype_int=\count184
\l_EQ_alignmentmode_int=\count185
\l_EQ_totalwidth_dim=\dimen181
\l_EQ_displaywidth_dim=\dimen182
\l_EQ_temp_linewidth_dim=\dimen183
\EmphEqdelimitershortfall=\dimen184
\EmphEqdelimiterfactor=\count186
\g_EQ_toptag_height_dim=\dimen185
\g_EQ_bottomtag_depth_dim=\dimen186
\g_EQ_toprow_height_dim=\dimen187
\g_EQ_bottomrow_depth_dim=\dimen188
\g_EQ_widesttag_dim=\dimen189
\EQ_mathdisplay_box=\box32
\EQ_tag_box=\box33
\g_EQ_temprow_int=\count187
)
(/usr/local/texlive/2018/texmf-dist/tex/latex/graphics/lscape.sty
Package: lscape 2000/10/22 v3.01 Landscape Pages (DPC)
)
(./master.aux

LaTeX Warning: Label `eringen_1963' multiply defined.


LaTeX Warning: Label `griffiths' multiply defined.

)
\openout1 = `master.aux'.

LaTeX Font Info:    Checking defaults for OML/cmm/m/it on input line 28.
LaTeX Font Info:    ... okay on input line 28.
LaTeX Font Info:    Checking defaults for T1/cmr/m/n on input line 28.
LaTeX Font Info:    ... okay on input line 28.
LaTeX Font Info:    Checking defaults for OT1/cmr/m/n on input line 28.
LaTeX Font Info:    ... okay on input line 28.
LaTeX Font Info:    Checking defaults for OMS/cmsy/m/n on input line 28.
LaTeX Font Info:    ... okay on input line 28.
LaTeX Font Info:    Checking defaults for OMX/cmex/m/n on input line 28.
LaTeX Font Info:    ... okay on input line 28.
LaTeX Font Info:    Checking defaults for U/cmr/m/n on input line 28.
LaTeX Font Info:    ... okay on input line 28.
LaTeX Font Info:    Checking defaults for PD1/pdf/m/n on input line 28.
LaTeX Font Info:    ... okay on input line 28.
\AtBeginShipoutBox=\box34
Package hyperref Info: Link coloring OFF on input line 28.
 (/usr/local/texlive/2018/texmf-dist/tex/latex/hyperref/nameref.sty
Package: nameref 2016/05/21 v2.44 Cross-referencing by name of section

(/usr/local/texlive/2018/texmf-dist/tex/generic/oberdiek/gettitlestring.sty
Package: gettitlestring 2016/05/16 v1.5 Cleanup title references (HO)
)
\c@section@level=\count188
)
Redoing nameref's sectioning
Redoing nameref's label
LaTeX Info: Redefining \nameref on input line 28.
LaTeX Info: Redefining \ref on input line 28.
LaTeX Info: Redefining \pageref on input line 28.
LaTeX Info: Redefining \nameref on input line 28.
\myptabbox=\box35
\myptabboxwidth=\skip266
(/usr/local/texlive/2018/texmf-dist/tex/context/base/mkii/supp-pdf.mkii
[Loading MPS to PDF converter (version 2006.09.02).]
\scratchcounter=\count189
\scratchdimen=\dimen190
\scratchbox=\box36
\nofMPsegments=\count190
\nofMParguments=\count191
\everyMPshowfont=\toks31
\MPscratchCnt=\count192
\MPscratchDim=\dimen191
\MPnumerator=\count193
\makeMPintoPDFobject=\count194
\everyMPtoPDFconversion=\toks32
) (/usr/local/texlive/2018/texmf-dist/tex/latex/oberdiek/epstopdf-base.sty
Package: epstopdf-base 2016/05/15 v2.6 Base part for package epstopdf

(/usr/local/texlive/2018/texmf-dist/tex/latex/oberdiek/grfext.sty
Package: grfext 2016/05/16 v1.2 Manage graphics extensions (HO)
)
Package epstopdf-base Info: Redefining graphics rule for `.eps' on input line 4
38.
Package grfext Info: Graphics extension search list:
(grfext)             [.pdf,.png,.jpg,.mps,.jpeg,.jbig2,.jb2,.PDF,.PNG,.JPG,.JPE
G,.JBIG2,.JB2,.eps]
(grfext)             \AppendGraphicsExtensions on input line 456.

(/usr/local/texlive/2018/texmf-dist/tex/latex/latexconfig/epstopdf-sys.cfg
File: epstopdf-sys.cfg 2010/07/13 v1.3 Configuration of (r)epstopdf for TeX Liv
e
))
Package caption Info: Begin \AtBeginDocument code.
Package caption Info: subfig package v1.3 is loaded.
Package caption Info: End \AtBeginDocument code.

[1

{/usr/local/texlive/2018/texmf-var/fonts/map/pdftex/updmap/pdftex.map}]
LaTeX Font Info:    Try loading font information for U+esint on input line 33.

(/usr/local/texlive/2018/texmf-dist/tex/latex/esint/uesint.fd
File: uesint.fd 
)
LaTeX Font Info:    Try loading font information for U+msa on input line 33.

(/usr/local/texlive/2018/texmf-dist/tex/latex/amsfonts/umsa.fd
File: umsa.fd 2013/01/14 v3.01 AMS symbols A
)
LaTeX Font Info:    Try loading font information for U+msb on input line 33.

(/usr/local/texlive/2018/texmf-dist/tex/latex/amsfonts/umsb.fd
File: umsb.fd 2013/01/14 v3.01 AMS symbols B
)pdfTeX warning (ext4): destination with the same identifier (name{page.1}) has
 been already used, duplicate ignored
<to be read again> 
                   \relax 
l.33 
      [1



]

LaTeX Font Warning: Font shape `OT1/cmss/m/sc' in size <17.28> not available
(Font)              Font shape `OT1/cmr/m/sc' tried instead on input line 42.


Underfull \hbox (badness 10000) in paragraph at lines 51--52

 []


Underfull \hbox (badness 10000) in paragraph at lines 54--55

 []

[2


] [3

]

Package babel Warning: Unknown language `english'. Either you have
(babel)                misspelled its name, it has not been installed,
(babel)                or you requested it in a previous run. Fix its name,
(babel)                install it or just rerun the file, respectively.
(babel)                I'll proceed, but expect wrong results.
(babel)                Reported on input line 92.

[4

] (./master.lof
Overfull \hbox (12.37578pt too wide) in paragraph at lines 7--7
 [][] [][]\OT1/cmr/m/it/12 Considerando a con-du-ti-vi-dade in-fi-nita, a ate-n
ua^^Xc~ao dos cam-pos mec^anicos 
 []


Overfull \hbox (27.47615pt too wide) in paragraph at lines 9--9
 \OT1/cmr/m/it/12 cima e par-ci-al-mente aco-plado em-baixo, para pe-que-nas di
st^ancias fonte/receptor.[] []  
 []


Overfull \hbox (21.3261pt too wide) in paragraph at lines 10--10
 \OT1/cmr/m/it/12 cima e par-ci-al-mente aco-plado em-baixo, para gran-des dist
^ancias fonte/receptor.[] []  
 []

[5

]) [6] (./master.toc
Overfull \hbox (11.61032pt too wide) in paragraph at lines 8--8
 [][] [][]\OT1/cmss/bx/n/12 AN[]ALISE DE DIS-PERS[]AO E ATENUA[][]AO DE ON-DAS 
DO EFEITO 
 []


Overfull \hbox (5.31174pt too wide) in paragraph at lines 21--21
 [][] [][]\OT1/cmss/bx/n/12 SOLU[][]OES N[]UMERICAS E ANAL[]ITICAS DE ON-DAS DO
 EFEITO 
 []

) (./analise_dispersao.tex [7]

LaTeX Warning: Reference `sec.model_dun_erin' on page 8 undefined on input line
 6.


LaTeX Warning: Reference `sec.recon_model_dun_eri' on page 8 undefined on input
 line 6.

[8

] [9]

LaTeX Warning: Reference `sec.recon_model_dun_eri' on page 10 undefined on inpu
t line 142.

[10]
LaTeX Font Info:    Try loading font information for OMS+cmr on input line 149.

 (/usr/local/texlive/2018/texmf-dist/tex/latex/base/omscmr.fd
File: omscmr.fd 2014/09/29 v2.5h Standard LaTeX font definitions
)
LaTeX Font Info:    Font shape `OMS/cmr/m/n' in size <12> not available
(Font)              Font shape `OMS/cmsy/m/n' tried instead on input line 149.
 [11]
Underfull \hbox (badness 10000) in paragraph at lines 194--195

 []


Underfull \hbox (badness 10000) in paragraph at lines 222--226

 []

[12]
Package epstopdf Info: Source file: <fig/phase_velocity_mech.eps>
(epstopdf)                    date: 2019-08-23 19:12:09
(epstopdf)                    size: 52335 bytes
(epstopdf)             Output file: <fig/phase_velocity_mech-eps-converted-to.p
df>
(epstopdf)                    date: 2019-08-23 19:16:26
(epstopdf)                    size: 18886 bytes
(epstopdf)             Command: <repstopdf --outfile=fig/phase_velocity_mech-ep
s-converted-to.pdf fig/phase_velocity_mech.eps>
(epstopdf)             \includegraphics on input line 309.
Package epstopdf Info: Output file is already uptodate.
<fig/phase_velocity_mech-eps-converted-to.pdf, id=280, 562.1pt x 421.575pt>
File: fig/phase_velocity_mech-eps-converted-to.pdf Graphic file (type pdf)
<use fig/phase_velocity_mech-eps-converted-to.pdf>
Package pdftex.def Info: fig/phase_velocity_mech-eps-converted-to.pdf  used on 
input line 309.
(pdftex.def)             Requested size: 241.69829pt x 181.27371pt.
Package epstopdf Info: Source file: <fig/aten_mech.eps>
(epstopdf)                    date: 2019-08-23 19:14:21
(epstopdf)                    size: 53884 bytes
(epstopdf)             Output file: <fig/aten_mech-eps-converted-to.pdf>
(epstopdf)                    date: 2019-08-23 19:16:27
(epstopdf)                    size: 19396 bytes
(epstopdf)             Command: <repstopdf --outfile=fig/aten_mech-eps-converte
d-to.pdf fig/aten_mech.eps>
(epstopdf)             \includegraphics on input line 310.
Package epstopdf Info: Output file is already uptodate.
<fig/aten_mech-eps-converted-to.pdf, id=281, 562.1pt x 421.575pt>
File: fig/aten_mech-eps-converted-to.pdf Graphic file (type pdf)
<use fig/aten_mech-eps-converted-to.pdf>
Package pdftex.def Info: fig/aten_mech-eps-converted-to.pdf  used on input line
 310.
(pdftex.def)             Requested size: 241.69829pt x 181.27371pt.

Overfull \hbox (28.39658pt too wide) in paragraph at lines 309--310
 [][][][] 
 []

Package epstopdf Info: Source file: <fig/phase_velc_mag.eps>
(epstopdf)                    date: 2019-08-23 19:14:55
(epstopdf)                    size: 54384 bytes
(epstopdf)             Output file: <fig/phase_velc_mag-eps-converted-to.pdf>
(epstopdf)                    date: 2019-08-23 19:16:27
(epstopdf)                    size: 20478 bytes
(epstopdf)             Command: <repstopdf --outfile=fig/phase_velc_mag-eps-con
verted-to.pdf fig/phase_velc_mag.eps>
(epstopdf)             \includegraphics on input line 311.
Package epstopdf Info: Output file is already uptodate.
<fig/phase_velc_mag-eps-converted-to.pdf, id=282, 562.1pt x 421.575pt>
File: fig/phase_velc_mag-eps-converted-to.pdf Graphic file (type pdf)
<use fig/phase_velc_mag-eps-converted-to.pdf>
Package pdftex.def Info: fig/phase_velc_mag-eps-converted-to.pdf  used on input
 line 311.
(pdftex.def)             Requested size: 241.69829pt x 181.27371pt.
Package epstopdf Info: Source file: <fig/aten_mag.eps>
(epstopdf)                    date: 2019-08-23 19:16:10
(epstopdf)                    size: 56626 bytes
(epstopdf)             Output file: <fig/aten_mag-eps-converted-to.pdf>
(epstopdf)                    date: 2019-08-23 19:16:27
(epstopdf)                    size: 20979 bytes
(epstopdf)             Command: <repstopdf --outfile=fig/aten_mag-eps-converted
-to.pdf fig/aten_mag.eps>
(epstopdf)             \includegraphics on input line 312.
Package epstopdf Info: Output file is already uptodate.
<fig/aten_mag-eps-converted-to.pdf, id=283, 562.1pt x 421.575pt>
File: fig/aten_mag-eps-converted-to.pdf Graphic file (type pdf)
<use fig/aten_mag-eps-converted-to.pdf>
Package pdftex.def Info: fig/aten_mag-eps-converted-to.pdf  used on input line 
312.
(pdftex.def)             Requested size: 241.69829pt x 181.27371pt.

Overfull \hbox (28.39658pt too wide) in paragraph at lines 311--312
 [][][][] 
 []


Underfull \hbox (badness 10000) in paragraph at lines 321--322

 []

[13] [14 <./fig/phase_velocity_mech-eps-converted-to.pdf> <./fig/aten_mech-eps-
converted-to.pdf> <./fig/phase_velc_mag-eps-converted-to.pdf> <./fig/aten_mag-e
ps-converted-to.pdf>]
Package epstopdf Info: Source file: <fig/phase_veloc_ampere.eps>
(epstopdf)                    date: 2019-08-23 19:24:06
(epstopdf)                    size: 52443 bytes
(epstopdf)             Output file: <fig/phase_veloc_ampere-eps-converted-to.pd
f>
(epstopdf)                    date: 2019-08-23 19:27:29
(epstopdf)                    size: 18901 bytes
(epstopdf)             Command: <repstopdf --outfile=fig/phase_veloc_ampere-eps
-converted-to.pdf fig/phase_veloc_ampere.eps>
(epstopdf)             \includegraphics on input line 352.
Package epstopdf Info: Output file is already uptodate.
<fig/phase_veloc_ampere-eps-converted-to.pdf, id=330, 562.1pt x 421.575pt>
File: fig/phase_veloc_ampere-eps-converted-to.pdf Graphic file (type pdf)
<use fig/phase_veloc_ampere-eps-converted-to.pdf>
Package pdftex.def Info: fig/phase_veloc_ampere-eps-converted-to.pdf  used on i
nput line 352.
(pdftex.def)             Requested size: 241.69829pt x 181.27371pt.
Package epstopdf Info: Source file: <fig/attenuation_ampere.eps>
(epstopdf)                    date: 2019-08-23 19:24:51
(epstopdf)                    size: 54002 bytes
(epstopdf)             Output file: <fig/attenuation_ampere-eps-converted-to.pd
f>
(epstopdf)                    date: 2019-08-23 19:27:30
(epstopdf)                    size: 19412 bytes
(epstopdf)             Command: <repstopdf --outfile=fig/attenuation_ampere-eps
-converted-to.pdf fig/attenuation_ampere.eps>
(epstopdf)             \includegraphics on input line 353.
Package epstopdf Info: Output file is already uptodate.
<fig/attenuation_ampere-eps-converted-to.pdf, id=331, 562.1pt x 421.575pt>
File: fig/attenuation_ampere-eps-converted-to.pdf Graphic file (type pdf)
<use fig/attenuation_ampere-eps-converted-to.pdf>
Package pdftex.def Info: fig/attenuation_ampere-eps-converted-to.pdf  used on i
nput line 353.
(pdftex.def)             Requested size: 241.69829pt x 181.27371pt.

Overfull \hbox (28.39658pt too wide) in paragraph at lines 352--353
 [][][][] 
 []

Package epstopdf Info: Source file: <fig/phase_veloc_ampere_3.eps>
(epstopdf)                    date: 2019-08-23 19:25:28
(epstopdf)                    size: 85798 bytes
(epstopdf)             Output file: <fig/phase_veloc_ampere_3-eps-converted-to.
pdf>
(epstopdf)                    date: 2019-08-23 19:27:30
(epstopdf)                    size: 30648 bytes
(epstopdf)             Command: <repstopdf --outfile=fig/phase_veloc_ampere_3-e
ps-converted-to.pdf fig/phase_veloc_ampere_3.eps>
(epstopdf)             \includegraphics on input line 354.
Package epstopdf Info: Output file is already uptodate.
<fig/phase_veloc_ampere_3-eps-converted-to.pdf, id=332, 562.1pt x 421.575pt>
File: fig/phase_veloc_ampere_3-eps-converted-to.pdf Graphic file (type pdf)
<use fig/phase_veloc_ampere_3-eps-converted-to.pdf>
Package pdftex.def Info: fig/phase_veloc_ampere_3-eps-converted-to.pdf  used on
 input line 354.
(pdftex.def)             Requested size: 241.69829pt x 181.27371pt.
Package epstopdf Info: Source file: <fig/attenuation_ampere_3.eps>
(epstopdf)                    date: 2019-08-23 19:26:08
(epstopdf)                    size: 86769 bytes
(epstopdf)             Output file: <fig/attenuation_ampere_3-eps-converted-to.
pdf>
(epstopdf)                    date: 2019-08-23 19:27:31
(epstopdf)                    size: 31071 bytes
(epstopdf)             Command: <repstopdf --outfile=fig/attenuation_ampere_3-e
ps-converted-to.pdf fig/attenuation_ampere_3.eps>
(epstopdf)             \includegraphics on input line 355.
Package epstopdf Info: Output file is already uptodate.
<fig/attenuation_ampere_3-eps-converted-to.pdf, id=333, 562.1pt x 421.575pt>
File: fig/attenuation_ampere_3-eps-converted-to.pdf Graphic file (type pdf)
<use fig/attenuation_ampere_3-eps-converted-to.pdf>
Package pdftex.def Info: fig/attenuation_ampere_3-eps-converted-to.pdf  used on
 input line 355.
(pdftex.def)             Requested size: 241.69829pt x 181.27371pt.

Overfull \hbox (28.39658pt too wide) in paragraph at lines 354--355
 [][][][] 
 []

[15]
Overfull \hbox (5.51952pt too wide) detected at line 376
[]
 []

[16 <./fig/phase_veloc_ampere-eps-converted-to.pdf> <./fig/attenuation_ampere-e
ps-converted-to.pdf> <./fig/phase_veloc_ampere_3-eps-converted-to.pdf> <./fig/a
ttenuation_ampere_3-eps-converted-to.pdf>] [17]
Package epstopdf Info: Source file: <fig/pha_vel_fara_x_dir.eps>
(epstopdf)                    date: 2020-03-16 16:47:15
(epstopdf)                    size: 83478 bytes
(epstopdf)             Output file: <fig/pha_vel_fara_x_dir-eps-converted-to.pd
f>
(epstopdf)                    date: 2020-03-16 16:49:57
(epstopdf)                    size: 18939 bytes
(epstopdf)             Command: <repstopdf --outfile=fig/pha_vel_fara_x_dir-eps
-converted-to.pdf fig/pha_vel_fara_x_dir.eps>
(epstopdf)             \includegraphics on input line 389.
Package epstopdf Info: Output file is already uptodate.
<fig/pha_vel_fara_x_dir-eps-converted-to.pdf, id=392, 562.1pt x 421.575pt>
File: fig/pha_vel_fara_x_dir-eps-converted-to.pdf Graphic file (type pdf)
<use fig/pha_vel_fara_x_dir-eps-converted-to.pdf>
Package pdftex.def Info: fig/pha_vel_fara_x_dir-eps-converted-to.pdf  used on i
nput line 389.
(pdftex.def)             Requested size: 238.89363pt x 179.17021pt.
Package epstopdf Info: Source file: <fig/atte_u_fara_x_direc.eps>
(epstopdf)                    date: 2020-03-16 16:49:41
(epstopdf)                    size: 78649 bytes
(epstopdf)             Output file: <fig/atte_u_fara_x_direc-eps-converted-to.p
df>
(epstopdf)                    date: 2020-03-16 16:49:58
(epstopdf)                    size: 19313 bytes
(epstopdf)             Command: <repstopdf --outfile=fig/atte_u_fara_x_direc-ep
s-converted-to.pdf fig/atte_u_fara_x_direc.eps>
(epstopdf)             \includegraphics on input line 390.
Package epstopdf Info: Output file is already uptodate.
<fig/atte_u_fara_x_direc-eps-converted-to.pdf, id=393, 562.1pt x 421.575pt>
File: fig/atte_u_fara_x_direc-eps-converted-to.pdf Graphic file (type pdf)
<use fig/atte_u_fara_x_direc-eps-converted-to.pdf>
Package pdftex.def Info: fig/atte_u_fara_x_direc-eps-converted-to.pdf  used on 
input line 390.
(pdftex.def)             Requested size: 238.89363pt x 179.17021pt.

Overfull \hbox (22.78726pt too wide) in paragraph at lines 389--390
 [][][][] 
 []

Package epstopdf Info: Source file: <fig/pha_vel_H_fara_x_dir.eps>
(epstopdf)                    date: 2020-03-16 16:48:31
(epstopdf)                    size: 54517 bytes
(epstopdf)             Output file: <fig/pha_vel_H_fara_x_dir-eps-converted-to.
pdf>
(epstopdf)                    date: 2020-03-16 16:49:59
(epstopdf)                    size: 20408 bytes
(epstopdf)             Command: <repstopdf --outfile=fig/pha_vel_H_fara_x_dir-e
ps-converted-to.pdf fig/pha_vel_H_fara_x_dir.eps>
(epstopdf)             \includegraphics on input line 393.
Package epstopdf Info: Output file is already uptodate.
<fig/pha_vel_H_fara_x_dir-eps-converted-to.pdf, id=394, 562.1pt x 421.575pt>
File: fig/pha_vel_H_fara_x_dir-eps-converted-to.pdf Graphic file (type pdf)
<use fig/pha_vel_H_fara_x_dir-eps-converted-to.pdf>
Package pdftex.def Info: fig/pha_vel_H_fara_x_dir-eps-converted-to.pdf  used on
 input line 393.
(pdftex.def)             Requested size: 238.89363pt x 179.17021pt.
Package epstopdf Info: Source file: <fig/att_H_fara_x_direc.eps>
(epstopdf)                    date: 2020-03-16 16:46:27
(epstopdf)                    size: 56711 bytes
(epstopdf)             Output file: <fig/att_H_fara_x_direc-eps-converted-to.pd
f>
(epstopdf)                    date: 2020-03-16 16:50:00
(epstopdf)                    size: 20942 bytes
(epstopdf)             Command: <repstopdf --outfile=fig/att_H_fara_x_direc-eps
-converted-to.pdf fig/att_H_fara_x_direc.eps>
(epstopdf)             \includegraphics on input line 394.
Package epstopdf Info: Output file is already uptodate.
<fig/att_H_fara_x_direc-eps-converted-to.pdf, id=395, 562.1pt x 421.575pt>
File: fig/att_H_fara_x_direc-eps-converted-to.pdf Graphic file (type pdf)
<use fig/att_H_fara_x_direc-eps-converted-to.pdf>
Package pdftex.def Info: fig/att_H_fara_x_direc-eps-converted-to.pdf  used on i
nput line 394.
(pdftex.def)             Requested size: 238.89363pt x 179.17021pt.

Overfull \hbox (22.78726pt too wide) in paragraph at lines 393--395
 [][][][] 
 []

[18 <./fig/pha_vel_fara_x_dir-eps-converted-to.pdf> <./fig/atte_u_fara_x_direc-
eps-converted-to.pdf> <./fig/pha_vel_H_fara_x_dir-eps-converted-to.pdf> <./fig/
att_H_fara_x_direc-eps-converted-to.pdf>]
Package epstopdf Info: Source file: <fig/u_far_sig_1.eps>
(epstopdf)                    date: 2020-03-17 14:35:26
(epstopdf)                    size: 84915 bytes
(epstopdf)             Output file: <fig/u_far_sig_1-eps-converted-to.pdf>
(epstopdf)                    date: 2020-03-17 14:39:31
(epstopdf)                    size: 20188 bytes
(epstopdf)             Command: <repstopdf --outfile=fig/u_far_sig_1-eps-conver
ted-to.pdf fig/u_far_sig_1.eps>
(epstopdf)             \includegraphics on input line 405.
Package epstopdf Info: Output file is already uptodate.
<fig/u_far_sig_1-eps-converted-to.pdf, id=435, 562.1pt x 421.575pt>
File: fig/u_far_sig_1-eps-converted-to.pdf Graphic file (type pdf)
<use fig/u_far_sig_1-eps-converted-to.pdf>
Package pdftex.def Info: fig/u_far_sig_1-eps-converted-to.pdf  used on input li
ne 405.
(pdftex.def)             Requested size: 238.89363pt x 179.17021pt.
Package epstopdf Info: Source file: <fig/h_far_sig_1.eps>
(epstopdf)                    date: 2020-03-17 14:35:56
(epstopdf)                    size: 54937 bytes
(epstopdf)             Output file: <fig/h_far_sig_1-eps-converted-to.pdf>
(epstopdf)                    date: 2020-03-17 14:40:14
(epstopdf)                    size: 20161 bytes
(epstopdf)             Command: <repstopdf --outfile=fig/h_far_sig_1-eps-conver
ted-to.pdf fig/h_far_sig_1.eps>
(epstopdf)             \includegraphics on input line 406.
Package epstopdf Info: Output file is already uptodate.
<fig/h_far_sig_1-eps-converted-to.pdf, id=436, 562.1pt x 421.575pt>
File: fig/h_far_sig_1-eps-converted-to.pdf Graphic file (type pdf)
<use fig/h_far_sig_1-eps-converted-to.pdf>
Package pdftex.def Info: fig/h_far_sig_1-eps-converted-to.pdf  used on input li
ne 406.
(pdftex.def)             Requested size: 238.89363pt x 179.17021pt.

Overfull \hbox (22.78726pt too wide) in paragraph at lines 405--406
 [][][][] 
 []

Package epstopdf Info: Source file: <fig/u_far_sig_10.eps>
(epstopdf)                    date: 2020-03-17 14:37:44
(epstopdf)                    size: 83539 bytes
(epstopdf)             Output file: <fig/u_far_sig_10-eps-converted-to.pdf>
(epstopdf)                    date: 2020-03-17 14:40:15
(epstopdf)                    size: 20008 bytes
(epstopdf)             Command: <repstopdf --outfile=fig/u_far_sig_10-eps-conve
rted-to.pdf fig/u_far_sig_10.eps>
(epstopdf)             \includegraphics on input line 409.
Package epstopdf Info: Output file is already uptodate.
<fig/u_far_sig_10-eps-converted-to.pdf, id=437, 562.1pt x 421.575pt>
File: fig/u_far_sig_10-eps-converted-to.pdf Graphic file (type pdf)
<use fig/u_far_sig_10-eps-converted-to.pdf>
Package pdftex.def Info: fig/u_far_sig_10-eps-converted-to.pdf  used on input l
ine 409.
(pdftex.def)             Requested size: 238.89363pt x 179.17021pt.
Package epstopdf Info: Source file: <fig/h_far_sig_10.eps>
(epstopdf)                    date: 2020-03-17 14:38:02
(epstopdf)                    size: 55295 bytes
(epstopdf)             Output file: <fig/h_far_sig_10-eps-converted-to.pdf>
(epstopdf)                    date: 2020-03-17 14:40:15
(epstopdf)                    size: 19190 bytes
(epstopdf)             Command: <repstopdf --outfile=fig/h_far_sig_10-eps-conve
rted-to.pdf fig/h_far_sig_10.eps>
(epstopdf)             \includegraphics on input line 410.
Package epstopdf Info: Output file is already uptodate.
<fig/h_far_sig_10-eps-converted-to.pdf, id=438, 562.1pt x 421.575pt>
File: fig/h_far_sig_10-eps-converted-to.pdf Graphic file (type pdf)
<use fig/h_far_sig_10-eps-converted-to.pdf>
Package pdftex.def Info: fig/h_far_sig_10-eps-converted-to.pdf  used on input l
ine 410.
(pdftex.def)             Requested size: 238.89363pt x 179.17021pt.

Overfull \hbox (22.78726pt too wide) in paragraph at lines 409--411
 [][][][] 
 []

[19] [20 <./fig/u_far_sig_1-eps-converted-to.pdf> <./fig/h_far_sig_1-eps-conver
ted-to.pdf> <./fig/u_far_sig_10-eps-converted-to.pdf> <./fig/h_far_sig_10-eps-c
onverted-to.pdf>]

Package hyperref Warning: Token not allowed in a PDF string (PDFDocEncoding):
(hyperref)                removing `math shift' on input line 475.


Package hyperref Warning: Token not allowed in a PDF string (PDFDocEncoding):
(hyperref)                removing `subscript' on input line 475.


Package hyperref Warning: Token not allowed in a PDF string (PDFDocEncoding):
(hyperref)                removing `superscript' on input line 475.


Package hyperref Warning: Token not allowed in a PDF string (PDFDocEncoding):
(hyperref)                removing `math shift' on input line 475.


Package hyperref Warning: Token not allowed in a PDF string (PDFDocEncoding):
(hyperref)                removing `math shift' on input line 478.


Package hyperref Warning: Token not allowed in a PDF string (PDFDocEncoding):
(hyperref)                removing `subscript' on input line 478.


Package hyperref Warning: Token not allowed in a PDF string (PDFDocEncoding):
(hyperref)                removing `superscript' on input line 478.


Package hyperref Warning: Token not allowed in a PDF string (PDFDocEncoding):
(hyperref)                removing `math shift' on input line 478.


Package hyperref Warning: Token not allowed in a PDF string (PDFDocEncoding):
(hyperref)                removing `math shift' on input line 478.


Package hyperref Warning: Token not allowed in a PDF string (PDFDocEncoding):
(hyperref)                removing `subscript' on input line 478.


Package hyperref Warning: Token not allowed in a PDF string (PDFDocEncoding):
(hyperref)                removing `superscript' on input line 478.


Package hyperref Warning: Token not allowed in a PDF string (PDFDocEncoding):
(hyperref)                removing `math shift' on input line 478.

[21]
Package epstopdf Info: Source file: <fig/phase_veloci_mech.eps>
(epstopdf)                    date: 2019-08-27 11:22:00
(epstopdf)                    size: 25298 bytes
(epstopdf)             Output file: <fig/phase_veloci_mech-eps-converted-to.pdf
>
(epstopdf)                    date: 2019-08-27 11:30:08
(epstopdf)                    size: 10199 bytes
(epstopdf)             Command: <repstopdf --outfile=fig/phase_veloci_mech-eps-
converted-to.pdf fig/phase_veloci_mech.eps>
(epstopdf)             \includegraphics on input line 490.
Package epstopdf Info: Output file is already uptodate.
<fig/phase_veloci_mech-eps-converted-to.pdf, id=487, 562.1pt x 421.575pt>
File: fig/phase_veloci_mech-eps-converted-to.pdf Graphic file (type pdf)
<use fig/phase_veloci_mech-eps-converted-to.pdf>
Package pdftex.def Info: fig/phase_veloci_mech-eps-converted-to.pdf  used on in
put line 490.
(pdftex.def)             Requested size: 236.08038pt x 177.06029pt.
Package epstopdf Info: Source file: <fig/attenuation_mechanical.eps>
(epstopdf)                    date: 2019-08-27 11:24:42
(epstopdf)                    size: 26671 bytes
(epstopdf)             Output file: <fig/attenuation_mechanical-eps-converted-t
o.pdf>
(epstopdf)                    date: 2019-08-27 11:30:08
(epstopdf)                    size: 11019 bytes
(epstopdf)             Command: <repstopdf --outfile=fig/attenuation_mechanical
-eps-converted-to.pdf fig/attenuation_mechanical.eps>
(epstopdf)             \includegraphics on input line 491.
Package epstopdf Info: Output file is already uptodate.
<fig/attenuation_mechanical-eps-converted-to.pdf, id=488, 562.1pt x 421.575pt>
File: fig/attenuation_mechanical-eps-converted-to.pdf Graphic file (type pdf)
<use fig/attenuation_mechanical-eps-converted-to.pdf>
Package pdftex.def Info: fig/attenuation_mechanical-eps-converted-to.pdf  used 
on input line 491.
(pdftex.def)             Requested size: 236.08038pt x 177.06029pt.

Overfull \hbox (17.16077pt too wide) in paragraph at lines 490--491
 [][][][] 
 []

Package epstopdf Info: Source file: <fig/phase_veloci_mech_u2.eps>
(epstopdf)                    date: 2019-08-27 11:23:16
(epstopdf)                    size: 25323 bytes
(epstopdf)             Output file: <fig/phase_veloci_mech_u2-eps-converted-to.
pdf>
(epstopdf)                    date: 2019-08-27 11:30:09
(epstopdf)                    size: 10306 bytes
(epstopdf)             Command: <repstopdf --outfile=fig/phase_veloci_mech_u2-e
ps-converted-to.pdf fig/phase_veloci_mech_u2.eps>
(epstopdf)             \includegraphics on input line 492.
Package epstopdf Info: Output file is already uptodate.
<fig/phase_veloci_mech_u2-eps-converted-to.pdf, id=489, 562.1pt x 421.575pt>
File: fig/phase_veloci_mech_u2-eps-converted-to.pdf Graphic file (type pdf)
<use fig/phase_veloci_mech_u2-eps-converted-to.pdf>
Package pdftex.def Info: fig/phase_veloci_mech_u2-eps-converted-to.pdf  used on
 input line 492.
(pdftex.def)             Requested size: 236.08038pt x 177.06029pt.
Package epstopdf Info: Source file: <fig/attenuation_mechanical_u2.eps>
(epstopdf)                    date: 2019-08-27 11:25:35
(epstopdf)                    size: 26159 bytes
(epstopdf)             Output file: <fig/attenuation_mechanical_u2-eps-converte
d-to.pdf>
(epstopdf)                    date: 2019-08-27 11:30:09
(epstopdf)                    size: 10854 bytes
(epstopdf)             Command: <repstopdf --outfile=fig/attenuation_mechanical
_u2-eps-converted-to.pdf fig/attenuation_mechanical_u2.eps>
(epstopdf)             \includegraphics on input line 493.
Package epstopdf Info: Output file is already uptodate.
<fig/attenuation_mechanical_u2-eps-converted-to.pdf, id=490, 562.1pt x 421.575p
t>
File: fig/attenuation_mechanical_u2-eps-converted-to.pdf Graphic file (type pdf
)
<use fig/attenuation_mechanical_u2-eps-converted-to.pdf>
Package pdftex.def Info: fig/attenuation_mechanical_u2-eps-converted-to.pdf  us
ed on input line 493.
(pdftex.def)             Requested size: 236.08038pt x 177.06029pt.

Overfull \hbox (17.16077pt too wide) in paragraph at lines 492--493
 [][][][] 
 []

Package epstopdf Info: Source file: <fig/phase_velocity_eletromag.eps>
(epstopdf)                    date: 2019-08-27 11:47:40
(epstopdf)                    size: 26998 bytes
(epstopdf)             Output file: <fig/phase_velocity_eletromag-eps-converted
-to.pdf>
(epstopdf)                    date: 2019-08-27 11:48:15
(epstopdf)                    size: 10808 bytes
(epstopdf)             Command: <repstopdf --outfile=fig/phase_velocity_eletrom
ag-eps-converted-to.pdf fig/phase_velocity_eletromag.eps>
(epstopdf)             \includegraphics on input line 494.
Package epstopdf Info: Output file is already uptodate.
<fig/phase_velocity_eletromag-eps-converted-to.pdf, id=491, 562.1pt x 421.575pt
>
File: fig/phase_velocity_eletromag-eps-converted-to.pdf Graphic file (type pdf)

<use fig/phase_velocity_eletromag-eps-converted-to.pdf>
Package pdftex.def Info: fig/phase_velocity_eletromag-eps-converted-to.pdf  use
d on input line 494.
(pdftex.def)             Requested size: 236.08038pt x 177.06029pt.
Package epstopdf Info: Source file: <fig/attenuation_eletromag.eps>
(epstopdf)                    date: 2019-08-27 11:48:10
(epstopdf)                    size: 28095 bytes
(epstopdf)             Output file: <fig/attenuation_eletromag-eps-converted-to
.pdf>
(epstopdf)                    date: 2019-08-27 11:48:16
(epstopdf)                    size: 11355 bytes
(epstopdf)             Command: <repstopdf --outfile=fig/attenuation_eletromag-
eps-converted-to.pdf fig/attenuation_eletromag.eps>
(epstopdf)             \includegraphics on input line 495.
Package epstopdf Info: Output file is already uptodate.
<fig/attenuation_eletromag-eps-converted-to.pdf, id=492, 562.1pt x 421.575pt>
File: fig/attenuation_eletromag-eps-converted-to.pdf Graphic file (type pdf)
<use fig/attenuation_eletromag-eps-converted-to.pdf>
Package pdftex.def Info: fig/attenuation_eletromag-eps-converted-to.pdf  used o
n input line 495.
(pdftex.def)             Requested size: 236.08038pt x 177.06029pt.

Overfull \hbox (17.16077pt too wide) in paragraph at lines 494--495
 [][][][] 
 []


Package hyperref Warning: Token not allowed in a PDF string (PDFDocEncoding):
(hyperref)                removing `math shift' on input line 507.


Package hyperref Warning: Token not allowed in a PDF string (PDFDocEncoding):
(hyperref)                removing `subscript' on input line 507.


Package hyperref Warning: Token not allowed in a PDF string (PDFDocEncoding):
(hyperref)                removing `math shift' on input line 507.

[22] [23 <./fig/phase_veloci_mech-eps-converted-to.pdf> <./fig/attenuation_mech
anical-eps-converted-to.pdf> <./fig/phase_veloci_mech_u2-eps-converted-to.pdf> 
<./fig/attenuation_mechanical_u2-eps-converted-to.pdf> <./fig/phase_velocity_el
etromag-eps-converted-to.pdf> <./fig/attenuation_eletromag-eps-converted-to.pdf
>]

Package hyperref Warning: Token not allowed in a PDF string (PDFDocEncoding):
(hyperref)                removing `math shift' on input line 528.


Package hyperref Warning: Token not allowed in a PDF string (PDFDocEncoding):
(hyperref)                removing `subscript' on input line 528.


Package hyperref Warning: Token not allowed in a PDF string (PDFDocEncoding):
(hyperref)                removing `superscript' on input line 528.


Package hyperref Warning: Token not allowed in a PDF string (PDFDocEncoding):
(hyperref)                removing `math shift' on input line 528.


Package hyperref Warning: Token not allowed in a PDF string (PDFDocEncoding):
(hyperref)                removing `math shift' on input line 545.


Package hyperref Warning: Token not allowed in a PDF string (PDFDocEncoding):
(hyperref)                removing `subscript' on input line 545.


Package hyperref Warning: Token not allowed in a PDF string (PDFDocEncoding):
(hyperref)                removing `superscript' on input line 545.


Package hyperref Warning: Token not allowed in a PDF string (PDFDocEncoding):
(hyperref)                removing `math shift' on input line 545.


Package hyperref Warning: Token not allowed in a PDF string (PDFDocEncoding):
(hyperref)                removing `math shift' on input line 545.


Package hyperref Warning: Token not allowed in a PDF string (PDFDocEncoding):
(hyperref)                removing `subscript' on input line 545.


Package hyperref Warning: Token not allowed in a PDF string (PDFDocEncoding):
(hyperref)                removing `superscript' on input line 545.


Package hyperref Warning: Token not allowed in a PDF string (PDFDocEncoding):
(hyperref)                removing `math shift' on input line 545.


Package hyperref Warning: Token not allowed in a PDF string (PDFDocEncoding):
(hyperref)                removing `math shift' on input line 557.


Package hyperref Warning: Token not allowed in a PDF string (PDFDocEncoding):
(hyperref)                removing `subscript' on input line 557.


Package hyperref Warning: Token not allowed in a PDF string (PDFDocEncoding):
(hyperref)                removing `superscript' on input line 557.


Package hyperref Warning: Token not allowed in a PDF string (PDFDocEncoding):
(hyperref)                removing `\not' on input line 557.


Package hyperref Warning: Token not allowed in a PDF string (PDFDocEncoding):
(hyperref)                removing `math shift' on input line 557.


Package hyperref Warning: Token not allowed in a PDF string (PDFDocEncoding):
(hyperref)                removing `math shift' on input line 557.


Package hyperref Warning: Token not allowed in a PDF string (PDFDocEncoding):
(hyperref)                removing `subscript' on input line 557.


Package hyperref Warning: Token not allowed in a PDF string (PDFDocEncoding):
(hyperref)                removing `superscript' on input line 557.


Package hyperref Warning: Token not allowed in a PDF string (PDFDocEncoding):
(hyperref)                removing `\not' on input line 557.


Package hyperref Warning: Token not allowed in a PDF string (PDFDocEncoding):
(hyperref)                removing `math shift' on input line 557.


Package hyperref Warning: Token not allowed in a PDF string (PDFDocEncoding):
(hyperref)                removing `math shift' on input line 557.


Package hyperref Warning: Token not allowed in a PDF string (PDFDocEncoding):
(hyperref)                removing `subscript' on input line 557.


Package hyperref Warning: Token not allowed in a PDF string (PDFDocEncoding):
(hyperref)                removing `superscript' on input line 557.


Package hyperref Warning: Token not allowed in a PDF string (PDFDocEncoding):
(hyperref)                removing `\not' on input line 557.


Package hyperref Warning: Token not allowed in a PDF string (PDFDocEncoding):
(hyperref)                removing `math shift' on input line 557.

[24]
Package epstopdf Info: Source file: <fig/VH=0_0h3=0_phas_veloc.eps>
(epstopdf)                    date: 2019-08-23 18:55:23
(epstopdf)                    size: 51588 bytes
(epstopdf)             Output file: <fig/VH=0_0h3=0_phas_veloc-eps-converted-to
.pdf>
(epstopdf)                    date: 2019-08-23 18:55:30
(epstopdf)                    size: 16006 bytes
(epstopdf)             Command: <repstopdf --outfile=fig/VH=0_0h3=0_phas_veloc-
eps-converted-to.pdf fig/VH=0_0h3=0_phas_veloc.eps>
(epstopdf)             \includegraphics on input line 584.
Package epstopdf Info: Output file is already uptodate.
<fig/VH=0_0h3=0_phas_veloc-eps-converted-to.pdf, id=562, 562.1pt x 421.575pt>
File: fig/VH=0_0h3=0_phas_veloc-eps-converted-to.pdf Graphic file (type pdf)
<use fig/VH=0_0h3=0_phas_veloc-eps-converted-to.pdf>
Package pdftex.def Info: fig/VH=0_0h3=0_phas_veloc-eps-converted-to.pdf  used o
n input line 584.
(pdftex.def)             Requested size: 241.69829pt x 181.27371pt.
Package epstopdf Info: Source file: <fig/VH=0_0h1=0h2=0_phas_veloc.eps>
(epstopdf)                    date: 2019-08-23 18:56:16
(epstopdf)                    size: 51547 bytes
(epstopdf)             Output file: <fig/VH=0_0h1=0h2=0_phas_veloc-eps-converte
d-to.pdf>
(epstopdf)                    date: 2019-08-23 18:56:23
(epstopdf)                    size: 16097 bytes
(epstopdf)             Command: <repstopdf --outfile=fig/VH=0_0h1=0h2=0_phas_ve
loc-eps-converted-to.pdf fig/VH=0_0h1=0h2=0_phas_veloc.eps>
(epstopdf)             \includegraphics on input line 585.
Package epstopdf Info: Output file is already uptodate.
<fig/VH=0_0h1=0h2=0_phas_veloc-eps-converted-to.pdf, id=563, 562.1pt x 421.575p
t>
File: fig/VH=0_0h1=0h2=0_phas_veloc-eps-converted-to.pdf Graphic file (type pdf
)
<use fig/VH=0_0h1=0h2=0_phas_veloc-eps-converted-to.pdf>
Package pdftex.def Info: fig/VH=0_0h1=0h2=0_phas_veloc-eps-converted-to.pdf  us
ed on input line 585.
(pdftex.def)             Requested size: 241.69829pt x 181.27371pt.

Overfull \hbox (28.39658pt too wide) in paragraph at lines 584--585
 [][][][] 
 []

Package epstopdf Info: Source file: <fig/VH=0_all_external_null_u_3.eps>
(epstopdf)                    date: 2019-08-23 18:56:58
(epstopdf)                    size: 52028 bytes
(epstopdf)             Output file: <fig/VH=0_all_external_null_u_3-eps-convert
ed-to.pdf>
(epstopdf)                    date: 2019-08-23 18:57:05
(epstopdf)                    size: 17188 bytes
(epstopdf)             Command: <repstopdf --outfile=fig/VH=0_all_external_null
_u_3-eps-converted-to.pdf fig/VH=0_all_external_null_u_3.eps>
(epstopdf)             \includegraphics on input line 586.
Package epstopdf Info: Output file is already uptodate.
<fig/VH=0_all_external_null_u_3-eps-converted-to.pdf, id=564, 562.1pt x 421.575
pt>
File: fig/VH=0_all_external_null_u_3-eps-converted-to.pdf Graphic file (type pd
f)
<use fig/VH=0_all_external_null_u_3-eps-converted-to.pdf>
Package pdftex.def Info: fig/VH=0_all_external_null_u_3-eps-converted-to.pdf  u
sed on input line 586.
(pdftex.def)             Requested size: 241.69829pt x 181.27371pt.
Package epstopdf Info: Source file: <fig/VH=0_all_external_null_u1_u2.eps>
(epstopdf)                    date: 2019-08-23 18:57:38
(epstopdf)                    size: 51551 bytes
(epstopdf)             Output file: <fig/VH=0_all_external_null_u1_u2-eps-conve
rted-to.pdf>
(epstopdf)                    date: 2019-08-23 18:57:45
(epstopdf)                    size: 16078 bytes
(epstopdf)             Command: <repstopdf --outfile=fig/VH=0_all_external_null
_u1_u2-eps-converted-to.pdf fig/VH=0_all_external_null_u1_u2.eps>
(epstopdf)             \includegraphics on input line 587.
Package epstopdf Info: Output file is already uptodate.
<fig/VH=0_all_external_null_u1_u2-eps-converted-to.pdf, id=565, 562.1pt x 421.5
75pt>
File: fig/VH=0_all_external_null_u1_u2-eps-converted-to.pdf Graphic file (type 
pdf)
<use fig/VH=0_all_external_null_u1_u2-eps-converted-to.pdf>
Package pdftex.def Info: fig/VH=0_all_external_null_u1_u2-eps-converted-to.pdf 
 used on input line 587.
(pdftex.def)             Requested size: 241.69829pt x 181.27371pt.

Overfull \hbox (28.39658pt too wide) in paragraph at lines 586--588
 [][][][] 
 []


Overfull \hbox (3.03528pt too wide) detected at line 608
[]\OT1/cmr/bx/n/12 H[] \OMS/cmsy/m/n/12 ^^@ [] \OT1/cmr/bx/n/12 u[] \OT1/cmr/m/
n/12 = 0\OML/cmm/m/it/12 :
 []

[25] [26 <./fig/VH=0_0h3=0_phas_veloc-eps-converted-to.pdf> <./fig/VH=0_0h1=0h2
=0_phas_veloc-eps-converted-to.pdf> <./fig/VH=0_all_external_null_u_3-eps-conve
rted-to.pdf> <./fig/VH=0_all_external_null_u1_u2-eps-converted-to.pdf>]
Overfull \hbox (2.09619pt too wide) detected at line 651
[]\OT1/cmr/bx/n/12 H[] \OMS/cmsy/m/n/12 ^^@ [] [] \OT1/cmr/bx/n/12 u[] \OT1/cmr
/m/n/12 = 0\OML/cmm/m/it/12 :
 []

Package epstopdf Info: Source file: <fig/frame_dispersao.eps>
(epstopdf)                    date: 2018-11-01 14:19:49
(epstopdf)                    size: 155787 bytes
(epstopdf)             Output file: <fig/frame_dispersao-eps-converted-to.pdf>
(epstopdf)                    date: 2018-11-01 14:19:58
(epstopdf)                    size: 40401 bytes
(epstopdf)             Command: <repstopdf --outfile=fig/frame_dispersao-eps-co
nverted-to.pdf fig/frame_dispersao.eps>
(epstopdf)             \includegraphics on input line 685.
Package epstopdf Info: Output file is already uptodate.
<fig/frame_dispersao-eps-converted-to.pdf, id=612, 253.94875pt x 213.79875pt>
File: fig/frame_dispersao-eps-converted-to.pdf Graphic file (type pdf)
<use fig/frame_dispersao-eps-converted-to.pdf>
Package pdftex.def Info: fig/frame_dispersao-eps-converted-to.pdf  used on inpu
t line 685.
(pdftex.def)             Requested size: 253.94812pt x 213.79822pt.
[27] [28 <./fig/frame_dispersao-eps-converted-to.pdf>] [29

] [30])
(./experimetos.tex [31

]

LaTeX Warning: Reference `eq.edo_2' on page 32 undefined on input line 36.


LaTeX Warning: Reference `eq.edo_3' on page 32 undefined on input line 36.


LaTeX Warning: Reference `eq.edo_7' on page 32 undefined on input line 36.


LaTeX Warning: Reference `eq.edo_10' on page 32 undefined on input line 36.

[32

] [33] [34]
Package epstopdf Info: Source file: <fig/u_homo_F.eps>
(epstopdf)                    date: 2019-12-18 17:13:25
(epstopdf)                    size: 309256 bytes
(epstopdf)             Output file: <fig/u_homo_F-eps-converted-to.pdf>
(epstopdf)                    date: 2019-12-18 17:14:58
(epstopdf)                    size: 62271 bytes
(epstopdf)             Command: <repstopdf --outfile=fig/u_homo_F-eps-converted
-to.pdf fig/u_homo_F.eps>
(epstopdf)             \includegraphics on input line 68.
Package epstopdf Info: Output file is already uptodate.
<fig/u_homo_F-eps-converted-to.pdf, id=683, 1445.4pt x 852.18375pt>
File: fig/u_homo_F-eps-converted-to.pdf Graphic file (type pdf)
<use fig/u_homo_F-eps-converted-to.pdf>
Package pdftex.def Info: fig/u_homo_F-eps-converted-to.pdf  used on input line 
68.
(pdftex.def)             Requested size: 722.69824pt x 426.09082pt.

Overfull \hbox (14.69824pt too wide) in paragraph at lines 68--69
 [][] 
 []


LaTeX Warning: Float too large for page by 10.0908pt on input line 71.

[35 <./fig/u_homo_F-eps-converted-to.pdf>]
<fig/u_homo_large_depth.png, id=693, 633.94737pt x 393.89264pt>
File: fig/u_homo_large_depth.png Graphic file (type png)
<use fig/u_homo_large_depth.png>
Package pdftex.def Info: fig/u_homo_large_depth.png  used on input line 77.
(pdftex.def)             Requested size: 665.64503pt x 413.58746pt.
 [36 <./fig/u_homo_large_depth.png>]
Package epstopdf Info: Source file: <fig/h_homo_F.eps>
(epstopdf)                    date: 2019-12-18 17:14:10
(epstopdf)                    size: 308893 bytes
(epstopdf)             Output file: <fig/h_homo_F-eps-converted-to.pdf>
(epstopdf)                    date: 2019-12-18 17:14:58
(epstopdf)                    size: 65941 bytes
(epstopdf)             Command: <repstopdf --outfile=fig/h_homo_F-eps-converted
-to.pdf fig/h_homo_F.eps>
(epstopdf)             \includegraphics on input line 86.
Package epstopdf Info: Output file is already uptodate.
<fig/h_homo_F-eps-converted-to.pdf, id=701, 1445.4pt x 852.18375pt>
File: fig/h_homo_F-eps-converted-to.pdf Graphic file (type pdf)
<use fig/h_homo_F-eps-converted-to.pdf>
Package pdftex.def Info: fig/h_homo_F-eps-converted-to.pdf  used on input line 
86.
(pdftex.def)             Requested size: 722.69824pt x 426.09082pt.

Overfull \hbox (14.69824pt too wide) in paragraph at lines 86--87
 [][] 
 []


LaTeX Warning: Float too large for page by 10.0908pt on input line 89.

[37 <./fig/h_homo_F-eps-converted-to.pdf>]
<fig/h_homo_large_depth.png, id=711, 632.09912pt x 392.95496pt>
File: fig/h_homo_large_depth.png Graphic file (type png)
<use fig/h_homo_large_depth.png>
Package pdftex.def Info: fig/h_homo_large_depth.png  used on input line 95.
(pdftex.def)             Requested size: 663.70436pt x 412.60289pt.
 [38 <./fig/h_homo_large_depth.png>]
Overfull \hbox (1.78102pt too wide) in paragraph at lines 101--101
[]\OT1/cmss/m/n/17.28 Ondas em Meio Es-tra-ti-fi-cado se Pro-pa-gando em uma Di
-mens~ao 
 []


LaTeX Warning: Reference `eq.edo_2' on page 39 undefined on input line 105.


LaTeX Warning: Reference `eq.edo_3' on page 39 undefined on input line 105.


LaTeX Warning: Reference `eq.edo_7' on page 39 undefined on input line 105.


LaTeX Warning: Reference `eq.edo_10' on page 39 undefined on input line 105.


LaTeX Warning: Reference `eq.edo_10' on page 39 undefined on input line 105.


LaTeX Warning: Citation `ursin-1983' on page 39 undefined on input line 112.

[39








]

LaTeX Warning: Reference `sec.dirac' on page 40 undefined on input line 182.


LaTeX Warning: Reference `sec.presenca_fonte' on page 40 undefined on input lin
e 182.


LaTeX Warning: Reference `sec.cond_contorno' on page 40 undefined on input line
 199.

<fig/four_fully_1D_u.png, id=728, 496.13272pt x 324.63618pt>
File: fig/four_fully_1D_u.png Graphic file (type png)
<use fig/four_fully_1D_u.png>
Package pdftex.def Info: fig/four_fully_1D_u.png  used on input line 223.
(pdftex.def)             Requested size: 446.51532pt x 292.16986pt.
<fig/four_fully_1D_h.png, id=729, 540.67331pt x 352.87946pt>
File: fig/four_fully_1D_h.png Graphic file (type png)
<use fig/four_fully_1D_h.png>
Package pdftex.def Info: fig/four_fully_1D_h.png  used on input line 231.
(pdftex.def)             Requested size: 446.05273pt x 291.12375pt.
[40] [41 <./fig/four_fully_1D_u.png> <./fig/four_fully_1D_h.png>]
<fig/four_partially_1D_u.png, id=744, 639.55753pt x 413.79372pt>
File: fig/four_partially_1D_u.png Graphic file (type png)
<use fig/four_partially_1D_u.png>
Package pdftex.def Info: fig/four_partially_1D_u.png  used on input line 282.
(pdftex.def)             Requested size: 454.08902pt x 293.79558pt.
<fig/four_partially_1D_h.png, id=745, 517.4463pt x 337.54747pt>
File: fig/four_partially_1D_h.png Graphic file (type png)
<use fig/four_partially_1D_h.png>
Package pdftex.def Info: fig/four_partially_1D_h.png  used on input line 289.
(pdftex.def)             Requested size: 439.83144pt x 286.91669pt.
 [42 <./fig/four_partially_1D_u.png>]
<fig/four_partially_1D_high_ampl_u.png, id=761, 1228.59pt x 795.97375pt>
File: fig/four_partially_1D_high_ampl_u.png Graphic file (type png)
<use fig/four_partially_1D_high_ampl_u.png>
Package pdftex.def Info: fig/four_partially_1D_high_ampl_u.png  used on input l
ine 300.
(pdftex.def)             Requested size: 442.29207pt x 286.55034pt.
<fig/four_partially_1D_high_ampl_h.png, id=762, 487.21349pt x 312.46625pt>
File: fig/four_partially_1D_high_ampl_h.png Graphic file (type png)
<use fig/four_partially_1D_high_ampl_h.png>
Package pdftex.def Info: fig/four_partially_1D_high_ampl_h.png  used on input l
ine 308.
(pdftex.def)             Requested size: 457.98073pt x 293.71829pt.

Overfull \hbox (2.98073pt too wide) in paragraph at lines 308--308
 [][] 
 []

[43 <./fig/four_partially_1D_h.png>] [44 <./fig/four_partially_1D_high_ampl_u.p
ng> <./fig/four_partially_1D_high_ampl_h.png>]
<fig/four_partially_1D_high_ampl_250_u.png, id=776, 600.58171pt x 389.37715pt>
File: fig/four_partially_1D_high_ampl_250_u.png Graphic file (type png)
<use fig/four_partially_1D_high_ampl_250_u.png>
Package pdftex.def Info: fig/four_partially_1D_high_ampl_250_u.png  used on inp
ut line 328.
(pdftex.def)             Requested size: 465.44601pt x 301.76416pt.

Overfull \hbox (10.44601pt too wide) in paragraph at lines 328--328
 [][] 
 []

<fig/four_partially_1D_high_ampl_750_u.png, id=777, 528.80487pt x 345.48586pt>
File: fig/four_partially_1D_high_ampl_750_u.png Graphic file (type png)
<use fig/four_partially_1D_high_ampl_750_u.png>
Package pdftex.def Info: fig/four_partially_1D_high_ampl_750_u.png  used on inp
ut line 335.
(pdftex.def)             Requested size: 460.05652pt x 300.57025pt.

Overfull \hbox (5.05652pt too wide) in paragraph at lines 335--335
 [][] 
 []

[45] [46 <./fig/four_partially_1D_high_ampl_250_u.png> <./fig/four_partially_1D
_high_ampl_750_u.png>]
Overfull \hbox (3.26714pt too wide) in paragraph at lines 353--353
[]\OT1/cmss/m/n/17.28 Ondas em Meio Es-tra-ti-fi-cado se Pro-pa-gando em tr^es 
Di-mens~oes 
 []


LaTeX Warning: Reference `fig.v3_750' on page 47 undefined on input line 354.


Overfull \hbox (5.4605pt too wide) in paragraph at lines 354--355
\OT1/cmr/m/n/12 Nesse mo-delo onde con-si-de-ra-mos a pro-paga^^Xc~ao em tr^es 
di-mens~oes po-de-mos es-tu-dar tamb^^Sem
 []

[47]

LaTeX Warning: Reference `eq.edo_5' on page 48 undefined on input line 359.


LaTeX Warning: Reference `eq.edo_10' on page 48 undefined on input line 359.


Underfull \hbox (badness 10000) in paragraph at lines 402--403

 []

[48]
<fig/v3.png, id=840, 594.0pt x 389.466pt>
File: fig/v3.png Graphic file (type png)
<use fig/v3.png>
Package pdftex.def Info: fig/v3.png  used on input line 506.
(pdftex.def)             Requested size: 460.34525pt x 301.83302pt.

Overfull \hbox (5.34525pt too wide) in paragraph at lines 506--506
 [][] 
 []

[49] [50 <./fig/v3.png>]
<fig/v3_250.png, id=851, 677.53125pt x 441.75038pt>
File: fig/v3_250.png Graphic file (type png)
<use fig/v3_250.png>
Package pdftex.def Info: fig/v3_250.png  used on input line 525.
(pdftex.def)             Requested size: 459.36084pt x 299.50327pt.

Overfull \hbox (4.36084pt too wide) in paragraph at lines 525--525
 [][] 
 []


Underfull \hbox (badness 10000) in paragraph at lines 530--531

 []

[51 <./fig/v3_250.png>]) [52]

Package hyperref Warning: Token not allowed in a PDF string (PDFDocEncoding):
(hyperref)                removing `\uppercase' on input line 135.

bibitemlist
[53

]pdfTeX warning (ext4): destination with the same identifier (name{cite.eringen
_1963}) has been already used, duplicate ignored
<to be read again> 
                   \relax 
l.292 ...m[Dunkin and Eringen(1963)]{eringen_1963}
                                                  
Underfull \hbox (badness 6641) in paragraph at lines 308--313
\OT1/cmr/m/n/12 analytical method for cal-cu-la-tion of the-o-re-ti-cal seis-mo
-grams in layered-
 []

[54]pdfTeX warning (ext4): destination with the same identifier (name{cite.grif
fiths}) has been already used, duplicate ignored
<to be read again> 
                   \relax 
l.314 \bibitem[Griffiths(1999)]{griffiths}
                                           [55]
Underfull \hbox (badness 1210) in paragraph at lines 401--404
[]\OT1/cmr/m/n/12 Powell, P. D.  Cal-cu-la-ting De-ter-mi-nants of Block Ma-tri
-ces.  \OT1/cmr/m/it/12 ar-
 []

(./apendice.tex [56]
Package epstopdf Info: Source file: <fig/app_v_u.eps>
(epstopdf)                    date: 2020-03-16 20:58:36
(epstopdf)                    size: 113295 bytes
(epstopdf)             Output file: <fig/app_v_u-eps-converted-to.pdf>
(epstopdf)                    date: 2020-03-16 21:27:46
(epstopdf)                    size: 30326 bytes
(epstopdf)             Command: <repstopdf --outfile=fig/app_v_u-eps-converted-
to.pdf fig/app_v_u.eps>
(epstopdf)             \includegraphics on input line 7.
Package epstopdf Info: Output file is already uptodate.
<fig/app_v_u-eps-converted-to.pdf, id=924, 562.1pt x 421.575pt>
File: fig/app_v_u-eps-converted-to.pdf Graphic file (type pdf)
<use fig/app_v_u-eps-converted-to.pdf>
Package pdftex.def Info: fig/app_v_u-eps-converted-to.pdf  used on input line 7
.
(pdftex.def)             Requested size: 238.89363pt x 179.17021pt.
Package epstopdf Info: Source file: <fig/app_at_u.eps>
(epstopdf)                    date: 2020-03-16 20:59:27
(epstopdf)                    size: 103319 bytes
(epstopdf)             Output file: <fig/app_at_u-eps-converted-to.pdf>
(epstopdf)                    date: 2020-03-16 21:27:46
(epstopdf)                    size: 30471 bytes
(epstopdf)             Command: <repstopdf --outfile=fig/app_at_u-eps-converted
-to.pdf fig/app_at_u.eps>
(epstopdf)             \includegraphics on input line 8.
Package epstopdf Info: Output file is already uptodate.
<fig/app_at_u-eps-converted-to.pdf, id=925, 562.1pt x 421.575pt>
File: fig/app_at_u-eps-converted-to.pdf Graphic file (type pdf)
<use fig/app_at_u-eps-converted-to.pdf>
Package pdftex.def Info: fig/app_at_u-eps-converted-to.pdf  used on input line 
8.
(pdftex.def)             Requested size: 238.89363pt x 179.17021pt.

Overfull \hbox (22.78726pt too wide) in paragraph at lines 7--8
 [][][][] 
 []

Package epstopdf Info: Source file: <fig/app_v_h.eps>
(epstopdf)                    date: 2020-03-16 20:58:55
(epstopdf)                    size: 54504 bytes
(epstopdf)             Output file: <fig/app_v_h-eps-converted-to.pdf>
(epstopdf)                    date: 2020-03-16 21:27:47
(epstopdf)                    size: 20408 bytes
(epstopdf)             Command: <repstopdf --outfile=fig/app_v_h-eps-converted-
to.pdf fig/app_v_h.eps>
(epstopdf)             \includegraphics on input line 11.
Package epstopdf Info: Output file is already uptodate.
<fig/app_v_h-eps-converted-to.pdf, id=926, 562.1pt x 421.575pt>
File: fig/app_v_h-eps-converted-to.pdf Graphic file (type pdf)
<use fig/app_v_h-eps-converted-to.pdf>
Package pdftex.def Info: fig/app_v_h-eps-converted-to.pdf  used on input line 1
1.
(pdftex.def)             Requested size: 238.89363pt x 179.17021pt.
Package epstopdf Info: Source file: <fig/app_at_h.eps>
(epstopdf)                    date: 2020-03-16 21:00:01
(epstopdf)                    size: 56701 bytes
(epstopdf)             Output file: <fig/app_at_h-eps-converted-to.pdf>
(epstopdf)                    date: 2020-03-16 21:27:47
(epstopdf)                    size: 20942 bytes
(epstopdf)             Command: <repstopdf --outfile=fig/app_at_h-eps-converted
-to.pdf fig/app_at_h.eps>
(epstopdf)             \includegraphics on input line 12.
Package epstopdf Info: Output file is already uptodate.
<fig/app_at_h-eps-converted-to.pdf, id=927, 562.1pt x 421.575pt>
File: fig/app_at_h-eps-converted-to.pdf Graphic file (type pdf)
<use fig/app_at_h-eps-converted-to.pdf>
Package pdftex.def Info: fig/app_at_h-eps-converted-to.pdf  used on input line 
12.
(pdftex.def)             Requested size: 238.89363pt x 179.17021pt.

Overfull \hbox (22.78726pt too wide) in paragraph at lines 11--13
 [][][][] 
 []

[57

] [58 <./fig/app_v_u-eps-converted-to.pdf> <./fig/app_at_u-eps-converted-to.pdf
> <./fig/app_v_h-eps-converted-to.pdf> <./fig/app_at_h-eps-converted-to.pdf>]
Overfull \hbox (6.11327pt too wide) in paragraph at lines 19--20
\OT1/cmr/m/n/12 Normalmente, em le-van-ta-men-tos s^^S^^Psmicos s~ao uti-li-za-
das so-mente fon-tes de on-das mec^anicas,
 []

Package epstopdf Info: Source file: <fig/u_homo_Ff.eps>
(epstopdf)                    date: 2019-10-07 10:41:16
(epstopdf)                    size: 361639 bytes
(epstopdf)             Output file: <fig/u_homo_Ff-eps-converted-to.pdf>
(epstopdf)                    date: 2019-10-07 10:43:00
(epstopdf)                    size: 108703 bytes
(epstopdf)             Command: <repstopdf --outfile=fig/u_homo_Ff-eps-converte
d-to.pdf fig/u_homo_Ff.eps>
(epstopdf)             \includegraphics on input line 46.
Package epstopdf Info: Output file is already uptodate.
<fig/u_homo_Ff-eps-converted-to.pdf, id=960, 562.1pt x 421.575pt>
File: fig/u_homo_Ff-eps-converted-to.pdf Graphic file (type pdf)
<use fig/u_homo_Ff-eps-converted-to.pdf>
Package pdftex.def Info: fig/u_homo_Ff-eps-converted-to.pdf  used on input line
 46.
(pdftex.def)             Requested size: 410.32959pt x 307.74718pt.
Package epstopdf Info: Source file: <fig/h_homo_Ff.eps>
(epstopdf)                    date: 2019-10-07 10:41:37
(epstopdf)                    size: 359180 bytes
(epstopdf)             Output file: <fig/h_homo_Ff-eps-converted-to.pdf>
(epstopdf)                    date: 2019-10-07 10:43:01
(epstopdf)                    size: 142044 bytes
(epstopdf)             Command: <repstopdf --outfile=fig/h_homo_Ff-eps-converte
d-to.pdf fig/h_homo_Ff.eps>
(epstopdf)             \includegraphics on input line 52.
Package epstopdf Info: Output file is already uptodate.
<fig/h_homo_Ff-eps-converted-to.pdf, id=961, 562.1pt x 421.575pt>
File: fig/h_homo_Ff-eps-converted-to.pdf Graphic file (type pdf)
<use fig/h_homo_Ff-eps-converted-to.pdf>
Package pdftex.def Info: fig/h_homo_Ff-eps-converted-to.pdf  used on input line
 52.
(pdftex.def)             Requested size: 410.32959pt x 307.74718pt.
[59

] [60 <./fig/u_homo_Ff-eps-converted-to.pdf> <./fig/h_homo_Ff-eps-converted-to.
pdf>]) [61]
\tf@lof=\write4
\openout4 = `master.lof'.

\tf@toc=\write5
\openout5 = `master.toc'.

Package atveryend Info: Empty hook `BeforeClearDocument' on input line 436.
Package atveryend Info: Empty hook `AfterLastShipout' on input line 436.
 (./master.aux)
Package atveryend Info: Executing hook `AtVeryEndDocument' on input line 436.
Package atveryend Info: Empty hook `AtEndAfterFileList' on input line 436.


LaTeX Warning: There were undefined references.


LaTeX Warning: There were multiply-defined labels.

Package atveryend Info: Empty hook `AtVeryVeryEnd' on input line 436.
 ) 
Here is how much of TeX's memory you used:
 13399 strings out of 492649
 205668 string characters out of 6129622
 362794 words of memory out of 5000000
 16809 multiletter control sequences out of 15000+600000
 18455 words of font info for 74 fonts, out of 8000000 for 9000
 1141 hyphenation exceptions out of 8191
 47i,16n,42p,2051b,474s stack positions out of 5000i,500n,10000p,200000b,80000s
</usr/local/texlive/2018/texmf-dist/fonts/type1/public/amsfonts/cm/cmbx12.pfb
></usr/local/texlive/2018/texmf-dist/fonts/type1/public/amsfonts/cm/cmbx8.pfb><
/usr/local/texlive/2018/texmf-dist/fonts/type1/public/amsfonts/cm/cmcsc10.pfb><
/usr/local/texlive/2018/texmf-dist/fonts/type1/public/amsfonts/cm/cmex10.pfb></
usr/local/texlive/2018/texmf-dist/fonts/type1/public/amsfonts/cm/cmmi10.pfb></u
sr/local/texlive/2018/texmf-dist/fonts/type1/public/amsfonts/cm/cmmi12.pfb></us
r/local/texlive/2018/texmf-dist/fonts/type1/public/amsfonts/cm/cmmi8.pfb></usr/
local/texlive/2018/texmf-dist/fonts/type1/public/amsfonts/cm/cmr10.pfb></usr/lo
cal/texlive/2018/texmf-dist/fonts/type1/public/amsfonts/cm/cmr12.pfb></usr/loca
l/texlive/2018/texmf-dist/fonts/type1/public/amsfonts/cm/cmr6.pfb></usr/local/t
exlive/2018/texmf-dist/fonts/type1/public/amsfonts/cm/cmr8.pfb></usr/local/texl
ive/2018/texmf-dist/fonts/type1/public/amsfonts/cm/cmss10.pfb></usr/local/texli
ve/2018/texmf-dist/fonts/type1/public/amsfonts/cm/cmss12.pfb></usr/local/texliv
e/2018/texmf-dist/fonts/type1/public/amsfonts/cm/cmss17.pfb></usr/local/texlive
/2018/texmf-dist/fonts/type1/public/amsfonts/cm/cmssbx10.pfb></usr/local/texliv
e/2018/texmf-dist/fonts/type1/public/amsfonts/cm/cmsy10.pfb></usr/local/texlive
/2018/texmf-dist/fonts/type1/public/amsfonts/cm/cmsy8.pfb></usr/local/texlive/2
018/texmf-dist/fonts/type1/public/amsfonts/cm/cmti10.pfb></usr/local/texlive/20
18/texmf-dist/fonts/type1/public/amsfonts/cm/cmti12.pfb>
Output written on master.pdf (62 pages, 3191954 bytes).
PDF statistics:
 1198 PDF objects out of 1200 (max. 8388607)
 1010 compressed objects within 11 object streams
 253 named destinations out of 1000 (max. 500000)
 476 words of extra memory for PDF output out of 10000 (max. 10000000)

